

Microchip MPLAB XC8 Assembler V2.40 build 20220703182018 
                                                                                               Thu Aug 03 22:49:36 2023

Microchip MPLAB XC8 C Compiler v2.40 (Free license) build 20220703182018 Og1 
     1                           	processor	16F887
     2                           	pagewidth 120
     3                           	opt	flic
     4                           	psect	cinit,global,class=CODE,merge=1,delta=2
     5                           	psect	bssCOMMON,global,class=COMMON,space=1,delta=1,noexec
     6                           	psect	cstackCOMMON,global,class=COMMON,space=1,delta=1,noexec
     7                           	psect	cstackBANK0,global,class=BANK0,space=1,delta=1,noexec
     8                           	psect	maintext,global,class=CODE,split=1,delta=2
     9                           	psect	text1,local,class=CODE,merge=1,delta=2
    10                           	psect	text2,local,class=CODE,merge=1,delta=2
    11                           	psect	text3,local,class=CODE,merge=1,delta=2
    12                           	psect	text4,local,class=CODE,merge=1,delta=2
    13                           	psect	intentry,global,class=CODE,delta=2
    14                           	psect	text5,local,class=CODE,merge=1,delta=2
    15                           	psect	text6,local,class=CODE,merge=1,delta=2
    16                           	psect	text7,local,class=CODE,merge=1,delta=2
    17                           	psect	text8,local,class=CODE,merge=1,delta=2
    18                           	psect	idloc,global,abs,ovrld,class=IDLOC,space=5,delta=2,noexec
    19                           	psect	config,global,abs,ovrld,class=CONFIG,space=4,delta=2,noexec
    20                           	dabs	1,0x7E,2
    21     0000                     
    22                           ; Version 2.40
    23                           ; Generated 17/11/2021 GMT
    24                           ; 
    25                           ; Copyright © 2021, Microchip Technology Inc. and its subsidiaries ("Microchip")
    26                           ; All rights reserved.
    27                           ; 
    28                           ; This software is developed by Microchip Technology Inc. and its subsidiaries ("Microch
      +                          ip").
    29                           ; 
    30                           ; Redistribution and use in source and binary forms, with or without modification, are
    31                           ; permitted provided that the following conditions are met:
    32                           ; 
    33                           ;     1. Redistributions of source code must retain the above copyright notice, this lis
      +                          t of
    34                           ;        conditions and the following disclaimer.
    35                           ; 
    36                           ;     2. Redistributions in binary form must reproduce the above copyright notice, this 
      +                          list
    37                           ;        of conditions and the following disclaimer in the documentation and/or other
    38                           ;        materials provided with the distribution. Publication is not required when
    39                           ;        this file is used in an embedded application.
    40                           ; 
    41                           ;     3. Microchip's name may not be used to endorse or promote products derived from th
      +                          is
    42                           ;        software without specific prior written permission.
    43                           ; 
    44                           ; THIS SOFTWARE IS PROVIDED BY MICROCHIP "AS IS" AND ANY EXPRESS OR IMPLIED WARRANTIES,
    45                           ; INCLUDING, BUT NOT LIMITED TO, THE IMPLIED WARRANTIES OF MERCHANTABILITY AND FITNESS F
      +                          OR
    46                           ; PURPOSE ARE DISCLAIMED.  IN NO EVENT SHALL MICROCHIP BE LIABLE FOR ANY DIRECT, INDIREC
      +                          T,
    47                           ; INCIDENTAL, SPECIAL, EXEMPLARY, OR CONSEQUENTIAL DAMAGES (INCLUDING BUT NOT LIMITED TO
    48                           ; PROCUREMENT OF SUBSTITUTE GOODS OR SERVICES; LOSS OF USE, DATA OR PROFITS; OR BUSINESS
    49                           ; INTERRUPTION) HOWSOEVER CAUSED AND ON ANY THEORY OF LIABILITY, WHETHER IN CONTRACT, ST
      +                          RICT
    50                           ; LIABILITY, OR TORT (INCLUDING NEGLIGENCE OR OTHERWISE) ARISING IN ANY WAY OUT OF THE U
      +                          SE OF
    51                           ; THIS SOFTWARE, EVEN IF ADVISED OF THE POSSIBILITY OF SUCH DAMAGE.
    52                           ; 
    53                           ; 
    54                           ; Code-generator required, PIC16F887 Definitions
    55                           ; 
    56                           ; SFR Addresses
    57     0000                     	;# 
    58     0001                     	;# 
    59     0002                     	;# 
    60     0003                     	;# 
    61     0004                     	;# 
    62     0005                     	;# 
    63     0006                     	;# 
    64     0007                     	;# 
    65     0008                     	;# 
    66     0009                     	;# 
    67     000A                     	;# 
    68     000B                     	;# 
    69     000C                     	;# 
    70     000D                     	;# 
    71     000E                     	;# 
    72     000E                     	;# 
    73     000F                     	;# 
    74     0010                     	;# 
    75     0011                     	;# 
    76     0012                     	;# 
    77     0013                     	;# 
    78     0014                     	;# 
    79     0015                     	;# 
    80     0015                     	;# 
    81     0016                     	;# 
    82     0017                     	;# 
    83     0018                     	;# 
    84     0019                     	;# 
    85     001A                     	;# 
    86     001B                     	;# 
    87     001B                     	;# 
    88     001C                     	;# 
    89     001D                     	;# 
    90     001E                     	;# 
    91     001F                     	;# 
    92     0081                     	;# 
    93     0085                     	;# 
    94     0086                     	;# 
    95     0087                     	;# 
    96     0088                     	;# 
    97     0089                     	;# 
    98     008C                     	;# 
    99     008D                     	;# 
   100     008E                     	;# 
   101     008F                     	;# 
   102     0090                     	;# 
   103     0091                     	;# 
   104     0092                     	;# 
   105     0093                     	;# 
   106     0093                     	;# 
   107     0093                     	;# 
   108     0094                     	;# 
   109     0095                     	;# 
   110     0096                     	;# 
   111     0097                     	;# 
   112     0098                     	;# 
   113     0099                     	;# 
   114     009A                     	;# 
   115     009B                     	;# 
   116     009C                     	;# 
   117     009D                     	;# 
   118     009E                     	;# 
   119     009F                     	;# 
   120     0105                     	;# 
   121     0107                     	;# 
   122     0108                     	;# 
   123     0109                     	;# 
   124     010C                     	;# 
   125     010C                     	;# 
   126     010D                     	;# 
   127     010E                     	;# 
   128     010F                     	;# 
   129     0185                     	;# 
   130     0187                     	;# 
   131     0188                     	;# 
   132     0189                     	;# 
   133     018C                     	;# 
   134     018D                     	;# 
   135     0000                     	;# 
   136     0001                     	;# 
   137     0002                     	;# 
   138     0003                     	;# 
   139     0004                     	;# 
   140     0005                     	;# 
   141     0006                     	;# 
   142     0007                     	;# 
   143     0008                     	;# 
   144     0009                     	;# 
   145     000A                     	;# 
   146     000B                     	;# 
   147     000C                     	;# 
   148     000D                     	;# 
   149     000E                     	;# 
   150     000E                     	;# 
   151     000F                     	;# 
   152     0010                     	;# 
   153     0011                     	;# 
   154     0012                     	;# 
   155     0013                     	;# 
   156     0014                     	;# 
   157     0015                     	;# 
   158     0015                     	;# 
   159     0016                     	;# 
   160     0017                     	;# 
   161     0018                     	;# 
   162     0019                     	;# 
   163     001A                     	;# 
   164     001B                     	;# 
   165     001B                     	;# 
   166     001C                     	;# 
   167     001D                     	;# 
   168     001E                     	;# 
   169     001F                     	;# 
   170     0081                     	;# 
   171     0085                     	;# 
   172     0086                     	;# 
   173     0087                     	;# 
   174     0088                     	;# 
   175     0089                     	;# 
   176     008C                     	;# 
   177     008D                     	;# 
   178     008E                     	;# 
   179     008F                     	;# 
   180     0090                     	;# 
   181     0091                     	;# 
   182     0092                     	;# 
   183     0093                     	;# 
   184     0093                     	;# 
   185     0093                     	;# 
   186     0094                     	;# 
   187     0095                     	;# 
   188     0096                     	;# 
   189     0097                     	;# 
   190     0098                     	;# 
   191     0099                     	;# 
   192     009A                     	;# 
   193     009B                     	;# 
   194     009C                     	;# 
   195     009D                     	;# 
   196     009E                     	;# 
   197     009F                     	;# 
   198     0105                     	;# 
   199     0107                     	;# 
   200     0108                     	;# 
   201     0109                     	;# 
   202     010C                     	;# 
   203     010C                     	;# 
   204     010D                     	;# 
   205     010E                     	;# 
   206     010F                     	;# 
   207     0185                     	;# 
   208     0187                     	;# 
   209     0188                     	;# 
   210     0189                     	;# 
   211     018C                     	;# 
   212     018D                     	;# 
   213     0000                     	;# 
   214     0001                     	;# 
   215     0002                     	;# 
   216     0003                     	;# 
   217     0004                     	;# 
   218     0005                     	;# 
   219     0006                     	;# 
   220     0007                     	;# 
   221     0008                     	;# 
   222     0009                     	;# 
   223     000A                     	;# 
   224     000B                     	;# 
   225     000C                     	;# 
   226     000D                     	;# 
   227     000E                     	;# 
   228     000E                     	;# 
   229     000F                     	;# 
   230     0010                     	;# 
   231     0011                     	;# 
   232     0012                     	;# 
   233     0013                     	;# 
   234     0014                     	;# 
   235     0015                     	;# 
   236     0015                     	;# 
   237     0016                     	;# 
   238     0017                     	;# 
   239     0018                     	;# 
   240     0019                     	;# 
   241     001A                     	;# 
   242     001B                     	;# 
   243     001B                     	;# 
   244     001C                     	;# 
   245     001D                     	;# 
   246     001E                     	;# 
   247     001F                     	;# 
   248     0081                     	;# 
   249     0085                     	;# 
   250     0086                     	;# 
   251     0087                     	;# 
   252     0088                     	;# 
   253     0089                     	;# 
   254     008C                     	;# 
   255     008D                     	;# 
   256     008E                     	;# 
   257     008F                     	;# 
   258     0090                     	;# 
   259     0091                     	;# 
   260     0092                     	;# 
   261     0093                     	;# 
   262     0093                     	;# 
   263     0093                     	;# 
   264     0094                     	;# 
   265     0095                     	;# 
   266     0096                     	;# 
   267     0097                     	;# 
   268     0098                     	;# 
   269     0099                     	;# 
   270     009A                     	;# 
   271     009B                     	;# 
   272     009C                     	;# 
   273     009D                     	;# 
   274     009E                     	;# 
   275     009F                     	;# 
   276     0105                     	;# 
   277     0107                     	;# 
   278     0108                     	;# 
   279     0109                     	;# 
   280     010C                     	;# 
   281     010C                     	;# 
   282     010D                     	;# 
   283     010E                     	;# 
   284     010F                     	;# 
   285     0185                     	;# 
   286     0187                     	;# 
   287     0188                     	;# 
   288     0189                     	;# 
   289     018C                     	;# 
   290     018D                     	;# 
   291     0000                     	;# 
   292     0001                     	;# 
   293     0002                     	;# 
   294     0003                     	;# 
   295     0004                     	;# 
   296     0005                     	;# 
   297     0006                     	;# 
   298     0007                     	;# 
   299     0008                     	;# 
   300     0009                     	;# 
   301     000A                     	;# 
   302     000B                     	;# 
   303     000C                     	;# 
   304     000D                     	;# 
   305     000E                     	;# 
   306     000E                     	;# 
   307     000F                     	;# 
   308     0010                     	;# 
   309     0011                     	;# 
   310     0012                     	;# 
   311     0013                     	;# 
   312     0014                     	;# 
   313     0015                     	;# 
   314     0015                     	;# 
   315     0016                     	;# 
   316     0017                     	;# 
   317     0018                     	;# 
   318     0019                     	;# 
   319     001A                     	;# 
   320     001B                     	;# 
   321     001B                     	;# 
   322     001C                     	;# 
   323     001D                     	;# 
   324     001E                     	;# 
   325     001F                     	;# 
   326     0081                     	;# 
   327     0085                     	;# 
   328     0086                     	;# 
   329     0087                     	;# 
   330     0088                     	;# 
   331     0089                     	;# 
   332     008C                     	;# 
   333     008D                     	;# 
   334     008E                     	;# 
   335     008F                     	;# 
   336     0090                     	;# 
   337     0091                     	;# 
   338     0092                     	;# 
   339     0093                     	;# 
   340     0093                     	;# 
   341     0093                     	;# 
   342     0094                     	;# 
   343     0095                     	;# 
   344     0096                     	;# 
   345     0097                     	;# 
   346     0098                     	;# 
   347     0099                     	;# 
   348     009A                     	;# 
   349     009B                     	;# 
   350     009C                     	;# 
   351     009D                     	;# 
   352     009E                     	;# 
   353     009F                     	;# 
   354     0105                     	;# 
   355     0107                     	;# 
   356     0108                     	;# 
   357     0109                     	;# 
   358     010C                     	;# 
   359     010C                     	;# 
   360     010D                     	;# 
   361     010E                     	;# 
   362     010F                     	;# 
   363     0185                     	;# 
   364     0187                     	;# 
   365     0188                     	;# 
   366     0189                     	;# 
   367     018C                     	;# 
   368     018D                     	;# 
   369     000B                     _INTCONbits	set	11
   370     0005                     _PORTA	set	5
   371     0006                     _PORTB	set	6
   372     0008                     _PORTD	set	8
   373     0013                     _SSPBUF	set	19
   374     0014                     _SSPCON	set	20
   375     001E                     _ADRESH	set	30
   376     000C                     _PIR1bits	set	12
   377     001F                     _ADCON0bits	set	31
   378     0066                     _ADIF	set	102
   379     0063                     _SSPIF	set	99
   380     008F                     _OSCCONbits	set	143
   381     0088                     _TRISD	set	136
   382     0086                     _TRISB	set	134
   383     0085                     _TRISAbits	set	133
   384     0094                     _SSPSTATbits	set	148
   385     0094                     _SSPSTAT	set	148
   386     008C                     _PIE1bits	set	140
   387     009F                     _ADCON1bits	set	159
   388     043B                     _TRISC3	set	1083
   389     043D                     _TRISC5	set	1085
   390     0189                     _ANSELH	set	393
   391     0188                     _ANSEL	set	392
   392                           
   393                           	psect	cinit
   394     000F                     start_initialization:	
   395                           ; #config settings
   396                           
   397     000F                     __initialization:
   398                           
   399                           ; Clear objects allocated to COMMON
   400     000F  01F7               	clrf	__pbssCOMMON& (0+127)
   401     0010  01F8               	clrf	(__pbssCOMMON+1)& (0+127)
   402     0011  01F9               	clrf	(__pbssCOMMON+2)& (0+127)
   403     0012  01FA               	clrf	(__pbssCOMMON+3)& (0+127)
   404     0013  01FB               	clrf	(__pbssCOMMON+4)& (0+127)
   405     0014                     end_of_initialization:	
   406                           ;End of C runtime variable initialization code
   407                           
   408     0014                     __end_of__initialization:
   409     0014  0183               	clrf	3
   410     0015  120A  118A  28ED   	ljmp	_main	;jump to C main() function
   411                           
   412                           	psect	bssCOMMON
   413     0077                     __pbssCOMMON:
   414     0077                     _ADC_voltaje_nc:
   415     0077                     	ds	2
   416     0079                     _ADC_voltaje:
   417     0079                     	ds	2
   418     007B                     _temporal:
   419     007B                     	ds	1
   420                           
   421                           	psect	cstackCOMMON
   422     0070                     __pcstackCOMMON:
   423     0070                     ?_setup:
   424     0070                     ?_spiReceiveWait:	
   425                           ; 1 bytes @ 0x0
   426                           
   427     0070                     ??_spiReceiveWait:	
   428                           ; 1 bytes @ 0x0
   429                           
   430     0070                     ?_spiWrite:	
   431                           ; 1 bytes @ 0x0
   432                           
   433     0070                     ??_spiWrite:	
   434                           ; 1 bytes @ 0x0
   435                           
   436     0070                     ?_spiRead:	
   437                           ; 1 bytes @ 0x0
   438                           
   439     0070                     ??_spiRead:	
   440                           ; 1 bytes @ 0x0
   441                           
   442     0070                     ?_isr:	
   443                           ; 1 bytes @ 0x0
   444                           
   445     0070                     ?_main:	
   446                           ; 1 bytes @ 0x0
   447                           
   448     0070                     ?_adc_read:	
   449                           ; 1 bytes @ 0x0
   450                           
   451     0070                     spiWrite@dat:	
   452                           ; 2 bytes @ 0x0
   453                           
   454                           
   455                           ; 1 bytes @ 0x0
   456     0070                     	ds	2
   457     0072                     ??_adc_read:
   458                           
   459                           ; 1 bytes @ 0x2
   460     0072                     	ds	2
   461     0074                     ??_isr:
   462                           
   463                           ; 1 bytes @ 0x4
   464     0074                     	ds	3
   465                           
   466                           	psect	cstackBANK0
   467     0020                     __pcstackBANK0:
   468     0020                     ?_adc_init:
   469     0020                     ?_spiInit:	
   470                           ; 1 bytes @ 0x0
   471                           
   472     0020                     spiInit@sDataSample:	
   473                           ; 1 bytes @ 0x0
   474                           
   475     0020                     adc_init@channel:	
   476                           ; 1 bytes @ 0x0
   477                           
   478                           
   479                           ; 2 bytes @ 0x0
   480     0020                     	ds	1
   481     0021                     spiInit@sClockIdle:
   482                           
   483                           ; 1 bytes @ 0x1
   484     0021                     	ds	1
   485     0022                     ??_adc_init:
   486     0022                     spiInit@sTransmitEdge:	
   487                           ; 1 bytes @ 0x2
   488                           
   489                           
   490                           ; 1 bytes @ 0x2
   491     0022                     	ds	1
   492     0023                     ??_spiInit:
   493     0023                     spiInit@sType:	
   494                           ; 1 bytes @ 0x3
   495                           
   496                           
   497                           ; 1 bytes @ 0x3
   498     0023                     	ds	1
   499     0024                     ??_setup:
   500     0024                     ??_main:	
   501                           ; 1 bytes @ 0x4
   502                           
   503                           
   504                           ; 1 bytes @ 0x4
   505     0024                     	ds	2
   506                           
   507                           	psect	maintext
   508     00ED                     __pmaintext:	
   509 ;;
   510 ;;Main: autosize = 0, tempsize = 2, incstack = 0, save=0
   511 ;;
   512 ;; *************** function _main *****************
   513 ;; Defined at:
   514 ;;		line 78 in file "esclavo2_postlab3.c"
   515 ;; Parameters:    Size  Location     Type
   516 ;;		None
   517 ;; Auto vars:     Size  Location     Type
   518 ;;		None
   519 ;; Return value:  Size  Location     Type
   520 ;;                  1    wreg      void 
   521 ;; Registers used:
   522 ;;		wreg, fsr0l, fsr0h, status,2, status,0, pclath, cstack
   523 ;; Tracked objects:
   524 ;;		On entry : B00/0
   525 ;;		On exit  : 0/0
   526 ;;		Unchanged: 0/0
   527 ;; Data sizes:     COMMON   BANK0   BANK1   BANK3   BANK2
   528 ;;      Params:         0       0       0       0       0
   529 ;;      Locals:         0       0       0       0       0
   530 ;;      Temps:          0       2       0       0       0
   531 ;;      Totals:         0       2       0       0       0
   532 ;;Total ram usage:        2 bytes
   533 ;; Hardware stack levels required when called: 5
   534 ;; This function calls:
   535 ;;		_setup
   536 ;; This function is called by:
   537 ;;		Startup code after reset
   538 ;; This function uses a non-reentrant model
   539 ;;
   540                           
   541     00ED                     _main:	
   542                           ;psect for function _main
   543                           
   544     00ED                     l1052:	
   545                           ;incstack = 0
   546                           ; Regs used in _main: [wreg-fsr0h+status,2+status,0+pclath+cstack]
   547                           
   548                           
   549                           ;esclavo2_postlab3.c: 79:     setup();
   550     00ED  120A  118A  20B6  120A  118A  	fcall	_setup
   551     00F2                     l1054:
   552                           
   553                           ;esclavo2_postlab3.c: 80:     ADCON0bits.GO = 1;
   554     00F2  1283               	bcf	3,5	;RP0=0, select bank0
   555     00F3  1303               	bcf	3,6	;RP1=0, select bank0
   556     00F4  149F               	bsf	31,1	;volatile
   557     00F5                     l1056:
   558                           
   559                           ;esclavo2_postlab3.c: 87:         if (ADCON0bits.GO == 0)
   560     00F5  189F               	btfsc	31,1	;volatile
   561     00F6  28F8               	goto	u131
   562     00F7  28F9               	goto	u130
   563     00F8                     u131:
   564     00F8  28F5               	goto	l1056
   565     00F9                     u130:
   566     00F9                     l1058:
   567                           
   568                           ;esclavo2_postlab3.c: 88:         {;esclavo2_postlab3.c: 89:             _delay((unsigne
      +                          d long)((10)*(8000000/4000.0)));
   569     00F9  301A               	movlw	26
   570     00FA  1283               	bcf	3,5	;RP0=0, select bank0
   571     00FB  1303               	bcf	3,6	;RP1=0, select bank0
   572     00FC  00A5               	movwf	??_main+1
   573     00FD  30F7               	movlw	247
   574     00FE  00A4               	movwf	??_main
   575     00FF                     u147:
   576     00FF  0BA4               	decfsz	??_main,f
   577     0100  28FF               	goto	u147
   578     0101  0BA5               	decfsz	??_main+1,f
   579     0102  28FF               	goto	u147
   580     0103  2904               	nop2
   581     0104                     l1060:
   582                           
   583                           ;esclavo2_postlab3.c: 90:             ADCON0bits.GO = 1;
   584     0104  1283               	bcf	3,5	;RP0=0, select bank0
   585     0105  1303               	bcf	3,6	;RP1=0, select bank0
   586     0106  149F               	bsf	31,1	;volatile
   587     0107  28F5               	goto	l1056
   588     0108  120A  118A  280C   	ljmp	start
   589     010B                     __end_of_main:
   590                           
   591                           	psect	text1
   592     00B6                     __ptext1:	
   593 ;; *************** function _setup *****************
   594 ;; Defined at:
   595 ;;		line 98 in file "esclavo2_postlab3.c"
   596 ;; Parameters:    Size  Location     Type
   597 ;;		None
   598 ;; Auto vars:     Size  Location     Type
   599 ;;		None
   600 ;; Return value:  Size  Location     Type
   601 ;;                  1    wreg      void 
   602 ;; Registers used:
   603 ;;		wreg, fsr0l, fsr0h, status,2, status,0, pclath, cstack
   604 ;; Tracked objects:
   605 ;;		On entry : 0/0
   606 ;;		On exit  : 0/0
   607 ;;		Unchanged: 0/0
   608 ;; Data sizes:     COMMON   BANK0   BANK1   BANK3   BANK2
   609 ;;      Params:         0       0       0       0       0
   610 ;;      Locals:         0       0       0       0       0
   611 ;;      Temps:          0       0       0       0       0
   612 ;;      Totals:         0       0       0       0       0
   613 ;;Total ram usage:        0 bytes
   614 ;; Hardware stack levels used: 1
   615 ;; Hardware stack levels required when called: 4
   616 ;; This function calls:
   617 ;;		_adc_init
   618 ;;		_spiInit
   619 ;; This function is called by:
   620 ;;		_main
   621 ;; This function uses a non-reentrant model
   622 ;;
   623                           
   624     00B6                     _setup:	
   625                           ;psect for function _setup
   626                           
   627     00B6                     l1018:	
   628                           ;incstack = 0
   629                           ; Regs used in _setup: [wreg-fsr0h+status,2+status,0+pclath+cstack]
   630                           
   631                           
   632                           ;esclavo2_postlab3.c: 99:     ANSEL = 0b00000001;
   633     00B6  3001               	movlw	1
   634     00B7  1683               	bsf	3,5	;RP0=1, select bank3
   635     00B8  1703               	bsf	3,6	;RP1=1, select bank3
   636     00B9  0088               	movwf	8	;volatile
   637     00BA                     l1020:
   638                           
   639                           ;esclavo2_postlab3.c: 100:     ANSELH = 0;
   640     00BA  0189               	clrf	9	;volatile
   641     00BB                     l1022:
   642                           
   643                           ;esclavo2_postlab3.c: 102:     TRISAbits.TRISA0 = 1;
   644     00BB  1683               	bsf	3,5	;RP0=1, select bank1
   645     00BC  1303               	bcf	3,6	;RP1=0, select bank1
   646     00BD  1405               	bsf	5,0	;volatile
   647     00BE                     l1024:
   648                           
   649                           ;esclavo2_postlab3.c: 103:     PORTA = 0x00;
   650     00BE  1283               	bcf	3,5	;RP0=0, select bank0
   651     00BF  1303               	bcf	3,6	;RP1=0, select bank0
   652     00C0  0185               	clrf	5	;volatile
   653     00C1                     l1026:
   654                           
   655                           ;esclavo2_postlab3.c: 105:     TRISB = 0;
   656     00C1  1683               	bsf	3,5	;RP0=1, select bank1
   657     00C2  1303               	bcf	3,6	;RP1=0, select bank1
   658     00C3  0186               	clrf	6	;volatile
   659     00C4                     l1028:
   660                           
   661                           ;esclavo2_postlab3.c: 106:     TRISD = 0;
   662     00C4  0188               	clrf	8	;volatile
   663     00C5                     l1030:
   664                           
   665                           ;esclavo2_postlab3.c: 108:     PORTB = 0;
   666     00C5  1283               	bcf	3,5	;RP0=0, select bank0
   667     00C6  1303               	bcf	3,6	;RP1=0, select bank0
   668     00C7  0186               	clrf	6	;volatile
   669     00C8                     l1032:
   670                           
   671                           ;esclavo2_postlab3.c: 109:     PORTD = 0;
   672     00C8  0188               	clrf	8	;volatile
   673     00C9                     l1034:
   674                           
   675                           ;esclavo2_postlab3.c: 112:     OSCCONbits.IRCF = 0b111;
   676     00C9  3070               	movlw	112
   677     00CA  1683               	bsf	3,5	;RP0=1, select bank1
   678     00CB  1303               	bcf	3,6	;RP1=0, select bank1
   679     00CC  048F               	iorwf	15,f	;volatile
   680     00CD                     l1036:
   681                           
   682                           ;esclavo2_postlab3.c: 113:     OSCCONbits.SCS = 1;
   683     00CD  140F               	bsf	15,0	;volatile
   684     00CE                     l1038:
   685                           
   686                           ;esclavo2_postlab3.c: 115:     adc_init(0);
   687     00CE  3000               	movlw	0
   688     00CF  1283               	bcf	3,5	;RP0=0, select bank0
   689     00D0  1303               	bcf	3,6	;RP1=0, select bank0
   690     00D1  00A0               	movwf	adc_init@channel
   691     00D2  00A1               	movwf	adc_init@channel+1
   692     00D3  120A  118A  2018  120A  118A  	fcall	_adc_init
   693     00D8                     l1040:
   694                           
   695                           ;esclavo2_postlab3.c: 117:     INTCONbits.PEIE = 1;
   696     00D8  170B               	bsf	11,6	;volatile
   697     00D9                     l1042:
   698                           
   699                           ;esclavo2_postlab3.c: 118:     INTCONbits.GIE = 1;
   700     00D9  178B               	bsf	11,7	;volatile
   701     00DA                     l1044:
   702                           
   703                           ;esclavo2_postlab3.c: 119:     PIR1bits.SSPIF = 0;
   704     00DA  1283               	bcf	3,5	;RP0=0, select bank0
   705     00DB  1303               	bcf	3,6	;RP1=0, select bank0
   706     00DC  118C               	bcf	12,3	;volatile
   707     00DD                     l1046:
   708                           
   709                           ;esclavo2_postlab3.c: 120:     PIE1bits.SSPIE = 1;
   710     00DD  1683               	bsf	3,5	;RP0=1, select bank1
   711     00DE  1303               	bcf	3,6	;RP1=0, select bank1
   712     00DF  158C               	bsf	12,3	;volatile
   713     00E0                     l1048:
   714                           
   715                           ;esclavo2_postlab3.c: 121:     TRISAbits.TRISA5 = 1;
   716     00E0  1685               	bsf	5,5	;volatile
   717     00E1                     l1050:
   718                           
   719                           ;esclavo2_postlab3.c: 122:     spiInit(SPI_SLAVE_SS_EN, SPI_DATA_SAMPLE_MIDDLE, SPI_CLOC
      +                          K_IDLE_LOW, SPI_IDLE_2_ACTIVE);
   720     00E1  1283               	bcf	3,5	;RP0=0, select bank0
   721     00E2  1303               	bcf	3,6	;RP1=0, select bank0
   722     00E3  01A0               	clrf	spiInit@sDataSample
   723     00E4  01A1               	clrf	spiInit@sClockIdle
   724     00E5  01A2               	clrf	spiInit@sTransmitEdge
   725     00E6  3024               	movlw	36
   726     00E7  120A  118A  210B  120A  118A  	fcall	_spiInit
   727     00EC                     l132:
   728     00EC  0008               	return
   729     00ED                     __end_of_setup:
   730                           
   731                           	psect	text2
   732     010B                     __ptext2:	
   733 ;; *************** function _spiInit *****************
   734 ;; Defined at:
   735 ;;		line 12 in file "SPI.c"
   736 ;; Parameters:    Size  Location     Type
   737 ;;  sType           1    wreg     enum E1292
   738 ;;  sDataSample     1    0[BANK0 ] enum E1300
   739 ;;  sClockIdle      1    1[BANK0 ] enum E1304
   740 ;;  sTransmitEdg    1    2[BANK0 ] enum E1308
   741 ;; Auto vars:     Size  Location     Type
   742 ;;  sType           1    3[BANK0 ] enum E1292
   743 ;; Return value:  Size  Location     Type
   744 ;;                  1    wreg      void 
   745 ;; Registers used:
   746 ;;		wreg, status,2, status,0
   747 ;; Tracked objects:
   748 ;;		On entry : 0/0
   749 ;;		On exit  : 0/0
   750 ;;		Unchanged: 0/0
   751 ;; Data sizes:     COMMON   BANK0   BANK1   BANK3   BANK2
   752 ;;      Params:         0       3       0       0       0
   753 ;;      Locals:         0       1       0       0       0
   754 ;;      Temps:          0       0       0       0       0
   755 ;;      Totals:         0       4       0       0       0
   756 ;;Total ram usage:        4 bytes
   757 ;; Hardware stack levels used: 1
   758 ;; Hardware stack levels required when called: 3
   759 ;; This function calls:
   760 ;;		Nothing
   761 ;; This function is called by:
   762 ;;		_setup
   763 ;; This function uses a non-reentrant model
   764 ;;
   765                           
   766     010B                     _spiInit:	
   767                           ;psect for function _spiInit
   768                           
   769                           
   770                           ;incstack = 0
   771                           ; Regs used in _spiInit: [wreg+status,2+status,0]
   772                           ;spiInit@sType stored from wreg
   773     010B  1283               	bcf	3,5	;RP0=0, select bank0
   774     010C  1303               	bcf	3,6	;RP1=0, select bank0
   775     010D  00A3               	movwf	spiInit@sType
   776     010E                     l1008:
   777                           
   778                           ;SPI.c: 12: void spiInit(Spi_Type sType, Spi_Data_Sample sDataSample, Spi_Clock_Idle sCl
      +                          ockIdle, Spi_Transmit_Edge sTransmitEdge);SPI.c: 13: {;SPI.c: 14:     TRISC5 = 0;
   779     010E  1683               	bsf	3,5	;RP0=1, select bank1
   780     010F  1303               	bcf	3,6	;RP1=0, select bank1
   781     0110  1287               	bcf	7,5	;volatile
   782                           
   783                           ;SPI.c: 15:     if(sType & 0b00000100)
   784     0111  1283               	bcf	3,5	;RP0=0, select bank0
   785     0112  1303               	bcf	3,6	;RP1=0, select bank0
   786     0113  1D23               	btfss	spiInit@sType,2
   787     0114  2916               	goto	u121
   788     0115  2917               	goto	u120
   789     0116                     u121:
   790     0116  291D               	goto	l1014
   791     0117                     u120:
   792     0117                     l1010:
   793                           
   794                           ;SPI.c: 16:     {;SPI.c: 17:         SSPSTAT = sTransmitEdge;
   795     0117  0822               	movf	spiInit@sTransmitEdge,w
   796     0118  1683               	bsf	3,5	;RP0=1, select bank1
   797     0119  1303               	bcf	3,6	;RP1=0, select bank1
   798     011A  0094               	movwf	20	;volatile
   799     011B                     l1012:
   800                           
   801                           ;SPI.c: 18:         TRISC3 = 1;
   802     011B  1587               	bsf	7,3	;volatile
   803                           
   804                           ;SPI.c: 19:     }
   805     011C  2923               	goto	l43
   806     011D                     l1014:
   807                           
   808                           ;SPI.c: 21:     {;SPI.c: 22:         SSPSTAT = sDataSample | sTransmitEdge;
   809     011D  0820               	movf	spiInit@sDataSample,w
   810     011E  0422               	iorwf	spiInit@sTransmitEdge,w
   811     011F  1683               	bsf	3,5	;RP0=1, select bank1
   812     0120  1303               	bcf	3,6	;RP1=0, select bank1
   813     0121  0094               	movwf	20	;volatile
   814     0122                     l1016:
   815                           
   816                           ;SPI.c: 23:         TRISC3 = 0;
   817     0122  1187               	bcf	7,3	;volatile
   818     0123                     l43:	
   819                           ;SPI.c: 24:     }
   820                           
   821                           
   822                           ;SPI.c: 26:     SSPCON = sType | sClockIdle;
   823     0123  1283               	bcf	3,5	;RP0=0, select bank0
   824     0124  1303               	bcf	3,6	;RP1=0, select bank0
   825     0125  0823               	movf	spiInit@sType,w
   826     0126  0421               	iorwf	spiInit@sClockIdle,w
   827     0127  0094               	movwf	20	;volatile
   828     0128                     l44:
   829     0128  0008               	return
   830     0129                     __end_of_spiInit:
   831                           
   832                           	psect	text3
   833     0018                     __ptext3:	
   834 ;; *************** function _adc_init *****************
   835 ;; Defined at:
   836 ;;		line 10 in file "ADC.c"
   837 ;; Parameters:    Size  Location     Type
   838 ;;  channel         2    0[BANK0 ] int 
   839 ;; Auto vars:     Size  Location     Type
   840 ;;		None
   841 ;; Return value:  Size  Location     Type
   842 ;;                  1    wreg      void 
   843 ;; Registers used:
   844 ;;		wreg, fsr0l, fsr0h, status,2, status,0
   845 ;; Tracked objects:
   846 ;;		On entry : 0/0
   847 ;;		On exit  : 0/0
   848 ;;		Unchanged: 0/0
   849 ;; Data sizes:     COMMON   BANK0   BANK1   BANK3   BANK2
   850 ;;      Params:         0       2       0       0       0
   851 ;;      Locals:         0       0       0       0       0
   852 ;;      Temps:          0       1       0       0       0
   853 ;;      Totals:         0       3       0       0       0
   854 ;;Total ram usage:        3 bytes
   855 ;; Hardware stack levels used: 1
   856 ;; Hardware stack levels required when called: 3
   857 ;; This function calls:
   858 ;;		Nothing
   859 ;; This function is called by:
   860 ;;		_setup
   861 ;; This function uses a non-reentrant model
   862 ;;
   863                           
   864     0018                     _adc_init:	
   865                           ;psect for function _adc_init
   866                           
   867     0018                     l874:	
   868                           ;incstack = 0
   869                           ; Regs used in _adc_init: [wreg-fsr0h+status,2+status,0]
   870                           
   871                           
   872                           ;ADC.c: 10: void adc_init (int channel);ADC.c: 11: {;ADC.c: 13:     ADCON0bits.ADCS = 0b
      +                          10;
   873     0018  1283               	bcf	3,5	;RP0=0, select bank0
   874     0019  1303               	bcf	3,6	;RP1=0, select bank0
   875     001A  081F               	movf	31,w	;volatile
   876     001B  393F               	andlw	-193
   877     001C  3880               	iorlw	128
   878     001D  009F               	movwf	31	;volatile
   879     001E                     l876:
   880                           
   881                           ;ADC.c: 14:     ADCON1bits.ADFM = 0;
   882     001E  1683               	bsf	3,5	;RP0=1, select bank1
   883     001F  1303               	bcf	3,6	;RP1=0, select bank1
   884     0020  139F               	bcf	31,7	;volatile
   885     0021                     l878:
   886                           
   887                           ;ADC.c: 15:     ADCON1bits.VCFG1 = 0;
   888     0021  129F               	bcf	31,5	;volatile
   889     0022                     l880:
   890                           
   891                           ;ADC.c: 16:     ADCON1bits.VCFG1 = 0;
   892     0022  129F               	bcf	31,5	;volatile
   893                           
   894                           ;ADC.c: 18:     switch (channel){
   895     0023  2843               	goto	l898
   896     0024                     l882:
   897                           
   898                           ;ADC.c: 21:             ADCON0bits.CHS = 0b0000;
   899     0024  30C3               	movlw	-61
   900     0025  059F               	andwf	31,f	;volatile
   901                           
   902                           ;ADC.c: 23:             break;
   903     0026  285E               	goto	l17
   904     0027                     l884:
   905                           
   906                           ;ADC.c: 26:             ADCON0bits.CHS = 0b0001;
   907     0027  081F               	movf	31,w	;volatile
   908     0028  39C3               	andlw	-61
   909     0029  3804               	iorlw	4
   910     002A  009F               	movwf	31	;volatile
   911                           
   912                           ;ADC.c: 28:             break;
   913     002B  285E               	goto	l17
   914     002C                     l886:
   915                           
   916                           ;ADC.c: 31:             ADCON0bits.CHS = 0b0010;
   917     002C  081F               	movf	31,w	;volatile
   918     002D  39C3               	andlw	-61
   919     002E  3808               	iorlw	8
   920     002F  009F               	movwf	31	;volatile
   921                           
   922                           ;ADC.c: 33:             break;
   923     0030  285E               	goto	l17
   924     0031                     l888:
   925                           
   926                           ;ADC.c: 36:             ADCON0bits.CHS = 0b0011;
   927     0031  081F               	movf	31,w	;volatile
   928     0032  39C3               	andlw	-61
   929     0033  380C               	iorlw	12
   930     0034  009F               	movwf	31	;volatile
   931                           
   932                           ;ADC.c: 38:             break;
   933     0035  285E               	goto	l17
   934     0036                     l890:
   935                           
   936                           ;ADC.c: 41:             ADCON0bits.CHS = 0b0100;
   937     0036  081F               	movf	31,w	;volatile
   938     0037  39C3               	andlw	-61
   939     0038  3810               	iorlw	16
   940     0039  009F               	movwf	31	;volatile
   941                           
   942                           ;ADC.c: 43:             break;
   943     003A  285E               	goto	l17
   944     003B                     l892:
   945                           
   946                           ;ADC.c: 46:             ADCON0bits.CHS = 0b0101;
   947     003B  081F               	movf	31,w	;volatile
   948     003C  39C3               	andlw	-61
   949     003D  3814               	iorlw	20
   950     003E  009F               	movwf	31	;volatile
   951                           
   952                           ;ADC.c: 48:             break;
   953     003F  285E               	goto	l17
   954     0040                     l894:
   955                           
   956                           ;ADC.c: 50:             ADCON0bits.CHS = 0b0000;
   957     0040  30C3               	movlw	-61
   958     0041  059F               	andwf	31,f	;volatile
   959                           
   960                           ;ADC.c: 51:             break;
   961     0042  285E               	goto	l17
   962     0043                     l898:
   963                           
   964                           ; Switch on 2 bytes has been partitioned into a top level switch of size 1, and 1 sub-sw
      +                          itches
   965                           ; Switch size 1, requested type "simple"
   966                           ; Number of cases is 1, Range of values is 0 to 0
   967                           ; switch strategies available:
   968                           ; Name         Instructions Cycles
   969                           ; simple_byte            4     3 (average)
   970                           ; direct_byte           11     8 (fixed)
   971                           ; jumptable            260     6 (fixed)
   972                           ;	Chosen strategy is simple_byte
   973     0043  1283               	bcf	3,5	;RP0=0, select bank0
   974     0044  1303               	bcf	3,6	;RP1=0, select bank0
   975     0045  0821               	movf	adc_init@channel+1,w
   976     0046  3A00               	xorlw	0	; case 0
   977     0047  1903               	skipnz
   978     0048  284A               	goto	l1082
   979     0049  2840               	goto	l894
   980     004A                     l1082:
   981                           
   982                           ; Switch size 1, requested type "simple"
   983                           ; Number of cases is 6, Range of values is 0 to 5
   984                           ; switch strategies available:
   985                           ; Name         Instructions Cycles
   986                           ; simple_byte           19    10 (average)
   987                           ; direct_byte           26     8 (fixed)
   988                           ; jumptable            260     6 (fixed)
   989                           ;	Chosen strategy is simple_byte
   990     004A  0820               	movf	adc_init@channel,w
   991     004B  3A00               	xorlw	0	; case 0
   992     004C  1903               	skipnz
   993     004D  2824               	goto	l882
   994     004E  3A01               	xorlw	1	; case 1
   995     004F  1903               	skipnz
   996     0050  2827               	goto	l884
   997     0051  3A03               	xorlw	3	; case 2
   998     0052  1903               	skipnz
   999     0053  282C               	goto	l886
  1000     0054  3A01               	xorlw	1	; case 3
  1001     0055  1903               	skipnz
  1002     0056  2831               	goto	l888
  1003     0057  3A07               	xorlw	7	; case 4
  1004     0058  1903               	skipnz
  1005     0059  2836               	goto	l890
  1006     005A  3A01               	xorlw	1	; case 5
  1007     005B  1903               	skipnz
  1008     005C  283B               	goto	l892
  1009     005D  2840               	goto	l894
  1010     005E                     l17:
  1011                           
  1012                           ;ADC.c: 55:     PIR1bits.ADIF = 0;
  1013     005E  130C               	bcf	12,6	;volatile
  1014                           
  1015                           ;ADC.c: 56:     PIE1bits.ADIE = 1;
  1016     005F  1683               	bsf	3,5	;RP0=1, select bank1
  1017     0060  1303               	bcf	3,6	;RP1=0, select bank1
  1018     0061  170C               	bsf	12,6	;volatile
  1019     0062                     l900:
  1020                           
  1021                           ;ADC.c: 61:      _delay((unsigned long)((50)*(8000000/4000000.0)));
  1022     0062  3020               	movlw	32
  1023     0063  1283               	bcf	3,5	;RP0=0, select bank0
  1024     0064  1303               	bcf	3,6	;RP1=0, select bank0
  1025     0065  00A2               	movwf	??_adc_init
  1026     0066                     u157:
  1027     0066  0BA2               	decfsz	??_adc_init,f
  1028     0067  2866               	goto	u157
  1029     0068  0000               	nop
  1030     0069                     l902:
  1031                           
  1032                           ;ADC.c: 62:     ADCON0bits.ADON = 1;
  1033     0069  1283               	bcf	3,5	;RP0=0, select bank0
  1034     006A  1303               	bcf	3,6	;RP1=0, select bank0
  1035     006B  141F               	bsf	31,0	;volatile
  1036     006C                     l904:
  1037                           
  1038                           ;ADC.c: 64:     ADCON0bits.GO = 1;
  1039     006C  149F               	bsf	31,1	;volatile
  1040     006D                     l24:
  1041     006D  0008               	return
  1042     006E                     __end_of_adc_init:
  1043                           
  1044                           	psect	text4
  1045     006E                     __ptext4:	
  1046 ;; *************** function _isr *****************
  1047 ;; Defined at:
  1048 ;;		line 52 in file "esclavo2_postlab3.c"
  1049 ;; Parameters:    Size  Location     Type
  1050 ;;		None
  1051 ;; Auto vars:     Size  Location     Type
  1052 ;;		None
  1053 ;; Return value:  Size  Location     Type
  1054 ;;                  1    wreg      void 
  1055 ;; Registers used:
  1056 ;;		wreg, status,2, status,0, pclath, cstack
  1057 ;; Tracked objects:
  1058 ;;		On entry : 0/0
  1059 ;;		On exit  : 0/0
  1060 ;;		Unchanged: 0/0
  1061 ;; Data sizes:     COMMON   BANK0   BANK1   BANK3   BANK2
  1062 ;;      Params:         0       0       0       0       0
  1063 ;;      Locals:         0       0       0       0       0
  1064 ;;      Temps:          3       0       0       0       0
  1065 ;;      Totals:         3       0       0       0       0
  1066 ;;Total ram usage:        3 bytes
  1067 ;; Hardware stack levels used: 1
  1068 ;; Hardware stack levels required when called: 2
  1069 ;; This function calls:
  1070 ;;		_adc_read
  1071 ;;		_spiRead
  1072 ;;		_spiWrite
  1073 ;; This function is called by:
  1074 ;;		Interrupt level 1
  1075 ;; This function uses a non-reentrant model
  1076 ;;
  1077                           
  1078     006E                     _isr:	
  1079                           ;psect for function _isr
  1080                           
  1081     006E                     i1l960:
  1082                           
  1083                           ;esclavo2_postlab3.c: 53:    if(SSPIF == 1){
  1084     006E  1283               	bcf	3,5	;RP0=0, select bank0
  1085     006F  1303               	bcf	3,6	;RP1=0, select bank0
  1086     0070  1D8C               	btfss	12,3	;volatile
  1087     0071  2873               	goto	u8_21
  1088     0072  2874               	goto	u8_20
  1089     0073                     u8_21:
  1090     0073  2885               	goto	i1l966
  1091     0074                     u8_20:
  1092     0074                     i1l962:
  1093                           
  1094                           ;esclavo2_postlab3.c: 54:         PORTD = spiRead();
  1095     0074  120A  118A  2133  120A  118A  	fcall	_spiRead
  1096     0079  1283               	bcf	3,5	;RP0=0, select bank0
  1097     007A  1303               	bcf	3,6	;RP1=0, select bank0
  1098     007B  0088               	movwf	8	;volatile
  1099                           
  1100                           ;esclavo2_postlab3.c: 55:         spiWrite(PORTB);
  1101     007C  0806               	movf	6,w	;volatile
  1102     007D  120A  118A  2143  120A  118A  	fcall	_spiWrite
  1103     0082                     i1l964:
  1104                           
  1105                           ;esclavo2_postlab3.c: 56:         SSPIF = 0;
  1106     0082  1283               	bcf	3,5	;RP0=0, select bank0
  1107     0083  1303               	bcf	3,6	;RP1=0, select bank0
  1108     0084  118C               	bcf	12,3	;volatile
  1109     0085                     i1l966:
  1110                           
  1111                           ;esclavo2_postlab3.c: 59:     if (PIR1bits.ADIF == 1)
  1112     0085  1F0C               	btfss	12,6	;volatile
  1113     0086  2888               	goto	u9_21
  1114     0087  2889               	goto	u9_20
  1115     0088                     u9_21:
  1116     0088  28AF               	goto	i1l120
  1117     0089                     u9_20:
  1118     0089                     i1l968:
  1119                           
  1120                           ;esclavo2_postlab3.c: 60:     {;esclavo2_postlab3.c: 61:         if (ADCON0bits.CHS == 0
      +                          b0000)
  1121     0089  0C1F               	rrf	31,w	;volatile
  1122     008A  00F4               	movwf	??_isr
  1123     008B  0C74               	rrf	??_isr,w
  1124     008C  390F               	andlw	15
  1125     008D  3A00               	xorlw	0
  1126     008E  1D03               	skipz
  1127     008F  2891               	goto	u10_21
  1128     0090  2892               	goto	u10_20
  1129     0091                     u10_21:
  1130     0091  28A5               	goto	i1l972
  1131     0092                     u10_20:
  1132     0092                     i1l970:
  1133                           
  1134                           ;esclavo2_postlab3.c: 62:         {;esclavo2_postlab3.c: 63:             ADC_voltaje_nc 
      +                          = adc_read();
  1135     0092  120A  118A  2129  120A  118A  	fcall	_adc_read
  1136     0097  0871               	movf	?_adc_read+1,w
  1137     0098  00F8               	movwf	_ADC_voltaje_nc+1
  1138     0099  0870               	movf	?_adc_read,w
  1139     009A  00F7               	movwf	_ADC_voltaje_nc
  1140                           
  1141                           ;esclavo2_postlab3.c: 64:             PORTB = adc_read();
  1142     009B  120A  118A  2129  120A  118A  	fcall	_adc_read
  1143     00A0  0870               	movf	?_adc_read,w
  1144     00A1  1283               	bcf	3,5	;RP0=0, select bank0
  1145     00A2  1303               	bcf	3,6	;RP1=0, select bank0
  1146     00A3  0086               	movwf	6	;volatile
  1147                           
  1148                           ;esclavo2_postlab3.c: 65:         }
  1149     00A4  28AE               	goto	i1l974
  1150     00A5                     i1l972:
  1151                           
  1152                           ;esclavo2_postlab3.c: 67:         {;esclavo2_postlab3.c: 68:             PORTB = adc_rea
      +                          d();
  1153     00A5  120A  118A  2129  120A  118A  	fcall	_adc_read
  1154     00AA  0870               	movf	?_adc_read,w
  1155     00AB  1283               	bcf	3,5	;RP0=0, select bank0
  1156     00AC  1303               	bcf	3,6	;RP1=0, select bank0
  1157     00AD  0086               	movwf	6	;volatile
  1158     00AE                     i1l974:
  1159                           
  1160                           ;esclavo2_postlab3.c: 70:         ADIF = 0;
  1161     00AE  130C               	bcf	12,6	;volatile
  1162     00AF                     i1l120:
  1163     00AF  0876               	movf	??_isr+2,w
  1164     00B0  008A               	movwf	10
  1165     00B1  0E75               	swapf	??_isr+1,w
  1166     00B2  0083               	movwf	3
  1167     00B3  0EFE               	swapf	btemp,f
  1168     00B4  0E7E               	swapf	btemp,w
  1169     00B5  0009               	retfie
  1170     00B6                     __end_of_isr:
  1171                           
  1172                           	psect	intentry
  1173     0004                     __pintentry:	
  1174                           ;incstack = 0
  1175                           ; Regs used in _isr: [wreg+status,2+status,0+pclath+cstack]
  1176                           
  1177     0004                     interrupt_function:
  1178     007E                     saved_w	set	btemp
  1179     0004  00FE               	movwf	btemp
  1180     0005  0E03               	swapf	3,w
  1181     0006  00F5               	movwf	??_isr+1
  1182     0007  080A               	movf	10,w
  1183     0008  00F6               	movwf	??_isr+2
  1184     0009  120A  118A  286E   	ljmp	_isr
  1185                           
  1186                           	psect	text5
  1187     0143                     __ptext5:	
  1188 ;; *************** function _spiWrite *****************
  1189 ;; Defined at:
  1190 ;;		line 34 in file "SPI.c"
  1191 ;; Parameters:    Size  Location     Type
  1192 ;;  dat             1    wreg     unsigned char 
  1193 ;; Auto vars:     Size  Location     Type
  1194 ;;  dat             1    0[COMMON] unsigned char 
  1195 ;; Return value:  Size  Location     Type
  1196 ;;                  1    wreg      void 
  1197 ;; Registers used:
  1198 ;;		wreg
  1199 ;; Tracked objects:
  1200 ;;		On entry : 0/0
  1201 ;;		On exit  : 0/0
  1202 ;;		Unchanged: 0/0
  1203 ;; Data sizes:     COMMON   BANK0   BANK1   BANK3   BANK2
  1204 ;;      Params:         0       0       0       0       0
  1205 ;;      Locals:         1       0       0       0       0
  1206 ;;      Temps:          0       0       0       0       0
  1207 ;;      Totals:         1       0       0       0       0
  1208 ;;Total ram usage:        1 bytes
  1209 ;; Hardware stack levels used: 1
  1210 ;; This function calls:
  1211 ;;		Nothing
  1212 ;; This function is called by:
  1213 ;;		_isr
  1214 ;; This function uses a non-reentrant model
  1215 ;;
  1216                           
  1217     0143                     _spiWrite:	
  1218                           ;psect for function _spiWrite
  1219                           
  1220                           
  1221                           ;incstack = 0
  1222                           ; Regs used in _spiWrite: [wreg]
  1223                           ;spiWrite@dat stored from wreg
  1224     0143  00F0               	movwf	spiWrite@dat
  1225     0144                     i1l778:
  1226                           
  1227                           ;SPI.c: 34: void spiWrite(char dat);SPI.c: 35: {;SPI.c: 36:     SSPBUF = dat;
  1228     0144  0870               	movf	spiWrite@dat,w
  1229     0145  1283               	bcf	3,5	;RP0=0, select bank0
  1230     0146  1303               	bcf	3,6	;RP1=0, select bank0
  1231     0147  0093               	movwf	19	;volatile
  1232     0148                     i1l53:
  1233     0148  0008               	return
  1234     0149                     __end_of_spiWrite:
  1235                           
  1236                           	psect	text6
  1237     0133                     __ptext6:	
  1238 ;; *************** function _spiRead *****************
  1239 ;; Defined at:
  1240 ;;		line 47 in file "SPI.c"
  1241 ;; Parameters:    Size  Location     Type
  1242 ;;		None
  1243 ;; Auto vars:     Size  Location     Type
  1244 ;;		None
  1245 ;; Return value:  Size  Location     Type
  1246 ;;                  1    wreg      unsigned char 
  1247 ;; Registers used:
  1248 ;;		wreg, status,2, status,0, pclath, cstack
  1249 ;; Tracked objects:
  1250 ;;		On entry : 0/0
  1251 ;;		On exit  : 0/0
  1252 ;;		Unchanged: 0/0
  1253 ;; Data sizes:     COMMON   BANK0   BANK1   BANK3   BANK2
  1254 ;;      Params:         0       0       0       0       0
  1255 ;;      Locals:         0       0       0       0       0
  1256 ;;      Temps:          0       0       0       0       0
  1257 ;;      Totals:         0       0       0       0       0
  1258 ;;Total ram usage:        0 bytes
  1259 ;; Hardware stack levels used: 1
  1260 ;; Hardware stack levels required when called: 1
  1261 ;; This function calls:
  1262 ;;		_spiReceiveWait
  1263 ;; This function is called by:
  1264 ;;		_isr
  1265 ;; This function uses a non-reentrant model
  1266 ;;
  1267                           
  1268     0133                     _spiRead:	
  1269                           ;psect for function _spiRead
  1270                           
  1271     0133                     i1l780:	
  1272                           ;incstack = 0
  1273                           ; Regs used in _spiRead: [wreg+status,2+status,0+pclath+cstack]
  1274                           
  1275                           
  1276                           ;SPI.c: 49:     spiReceiveWait();
  1277     0133  120A  118A  213C  120A  118A  	fcall	_spiReceiveWait
  1278     0138                     i1l782:
  1279                           
  1280                           ;SPI.c: 50:     return(SSPBUF);
  1281     0138  1283               	bcf	3,5	;RP0=0, select bank0
  1282     0139  1303               	bcf	3,6	;RP1=0, select bank0
  1283     013A  0813               	movf	19,w	;volatile
  1284     013B                     i1l61:
  1285     013B  0008               	return
  1286     013C                     __end_of_spiRead:
  1287                           
  1288                           	psect	text7
  1289     013C                     __ptext7:	
  1290 ;; *************** function _spiReceiveWait *****************
  1291 ;; Defined at:
  1292 ;;		line 29 in file "SPI.c"
  1293 ;; Parameters:    Size  Location     Type
  1294 ;;		None
  1295 ;; Auto vars:     Size  Location     Type
  1296 ;;		None
  1297 ;; Return value:  Size  Location     Type
  1298 ;;                  1    wreg      void 
  1299 ;; Registers used:
  1300 ;;		None
  1301 ;; Tracked objects:
  1302 ;;		On entry : 0/0
  1303 ;;		On exit  : 0/0
  1304 ;;		Unchanged: 0/0
  1305 ;; Data sizes:     COMMON   BANK0   BANK1   BANK3   BANK2
  1306 ;;      Params:         0       0       0       0       0
  1307 ;;      Locals:         0       0       0       0       0
  1308 ;;      Temps:          0       0       0       0       0
  1309 ;;      Totals:         0       0       0       0       0
  1310 ;;Total ram usage:        0 bytes
  1311 ;; Hardware stack levels used: 1
  1312 ;; This function calls:
  1313 ;;		Nothing
  1314 ;; This function is called by:
  1315 ;;		_spiRead
  1316 ;; This function uses a non-reentrant model
  1317 ;;
  1318                           
  1319     013C                     _spiReceiveWait:	
  1320                           ;psect for function _spiReceiveWait
  1321                           
  1322     013C                     i1l772:	
  1323                           ;incstack = 0
  1324                           ; Regs used in _spiReceiveWait: []
  1325                           
  1326     013C                     i1l47:	
  1327                           ;SPI.c: 31:     while ( !SSPSTATbits.BF );
  1328                           
  1329     013C  1683               	bsf	3,5	;RP0=1, select bank1
  1330     013D  1303               	bcf	3,6	;RP1=0, select bank1
  1331     013E  1C14               	btfss	20,0	;volatile
  1332     013F  2941               	goto	u2_21
  1333     0140  2942               	goto	u2_20
  1334     0141                     u2_21:
  1335     0141  293C               	goto	i1l47
  1336     0142                     u2_20:
  1337     0142                     i1l50:
  1338     0142  0008               	return
  1339     0143                     __end_of_spiReceiveWait:
  1340                           
  1341                           	psect	text8
  1342     0129                     __ptext8:	
  1343 ;; *************** function _adc_read *****************
  1344 ;; Defined at:
  1345 ;;		line 69 in file "ADC.c"
  1346 ;; Parameters:    Size  Location     Type
  1347 ;;		None
  1348 ;; Auto vars:     Size  Location     Type
  1349 ;;		None
  1350 ;; Return value:  Size  Location     Type
  1351 ;;                  2    0[COMMON] int 
  1352 ;; Registers used:
  1353 ;;		wreg
  1354 ;; Tracked objects:
  1355 ;;		On entry : 0/0
  1356 ;;		On exit  : 0/0
  1357 ;;		Unchanged: 0/0
  1358 ;; Data sizes:     COMMON   BANK0   BANK1   BANK3   BANK2
  1359 ;;      Params:         2       0       0       0       0
  1360 ;;      Locals:         0       0       0       0       0
  1361 ;;      Temps:          2       0       0       0       0
  1362 ;;      Totals:         4       0       0       0       0
  1363 ;;Total ram usage:        4 bytes
  1364 ;; Hardware stack levels used: 1
  1365 ;; This function calls:
  1366 ;;		Nothing
  1367 ;; This function is called by:
  1368 ;;		_isr
  1369 ;; This function uses a non-reentrant model
  1370 ;;
  1371                           
  1372     0129                     _adc_read:	
  1373                           ;psect for function _adc_read
  1374                           
  1375     0129                     i1l922:	
  1376                           ;incstack = 0
  1377                           ; Regs used in _adc_read: [wreg]
  1378                           
  1379                           
  1380                           ;ADC.c: 71:     return ADRESH;
  1381     0129  1283               	bcf	3,5	;RP0=0, select bank0
  1382     012A  1303               	bcf	3,6	;RP1=0, select bank0
  1383     012B  081E               	movf	30,w	;volatile
  1384     012C  00F2               	movwf	??_adc_read
  1385     012D  01F3               	clrf	??_adc_read+1
  1386     012E  0872               	movf	??_adc_read,w
  1387     012F  00F0               	movwf	?_adc_read
  1388     0130  0873               	movf	??_adc_read+1,w
  1389     0131  00F1               	movwf	?_adc_read+1
  1390     0132                     i1l27:
  1391     0132  0008               	return
  1392     0133                     __end_of_adc_read:
  1393     007E                     btemp	set	126	;btemp
  1394     007E                     wtemp0	set	126
  1395                           
  1396                           	psect	idloc
  1397                           
  1398                           ;Config register IDLOC0 @ 0x2000
  1399                           ;	unspecified, using default values
  1400     2000                     	org	8192
  1401     2000  3FFF               	dw	16383
  1402                           
  1403                           ;Config register IDLOC1 @ 0x2001
  1404                           ;	unspecified, using default values
  1405     2001                     	org	8193
  1406     2001  3FFF               	dw	16383
  1407                           
  1408                           ;Config register IDLOC2 @ 0x2002
  1409                           ;	unspecified, using default values
  1410     2002                     	org	8194
  1411     2002  3FFF               	dw	16383
  1412                           
  1413                           ;Config register IDLOC3 @ 0x2003
  1414                           ;	unspecified, using default values
  1415     2003                     	org	8195
  1416     2003  3FFF               	dw	16383
  1417                           
  1418                           	psect	config
  1419                           
  1420                           ;Config register CONFIG1 @ 0x2007
  1421                           ;	Oscillator Selection bits
  1422                           ;	FOSC = INTRC_NOCLKOUT, INTOSCIO oscillator: I/O function on RA6/OSC2/CLKOUT pin, I/O f
      +                          unction on RA7/OSC1/CLKIN
  1423                           ;	Watchdog Timer Enable bit
  1424                           ;	WDTE = OFF, WDT disabled and can be enabled by SWDTEN bit of the WDTCON register
  1425                           ;	Power-up Timer Enable bit
  1426                           ;	PWRTE = OFF, PWRT disabled
  1427                           ;	RE3/MCLR pin function select bit
  1428                           ;	MCLRE = OFF, RE3/MCLR pin function is digital input, MCLR internally tied to VDD
  1429                           ;	Code Protection bit
  1430                           ;	CP = OFF, Program memory code protection is disabled
  1431                           ;	Data Code Protection bit
  1432                           ;	CPD = OFF, Data memory code protection is disabled
  1433                           ;	Brown Out Reset Selection bits
  1434                           ;	BOREN = OFF, BOR disabled
  1435                           ;	Internal External Switchover bit
  1436                           ;	IESO = OFF, Internal/External Switchover mode is disabled
  1437                           ;	Fail-Safe Clock Monitor Enabled bit
  1438                           ;	FCMEN = OFF, Fail-Safe Clock Monitor is disabled
  1439                           ;	Low Voltage Programming Enable bit
  1440                           ;	LVP = OFF, RB3 pin has digital I/O, HV on MCLR must be used for programming
  1441                           ;	In-Circuit Debugger Mode bit
  1442                           ;	DEBUG = 0x1, unprogramme  1443     2007                     	org	8199
  1444     2007  20D4               	dw	8404
  1445                           
  1446                           ;Config register CONFIG2 @ 0x2008
  1447                           ;	Brown-out Reset Selection bit
  1448                           ;	BOR4V = BOR40V, Brown-out Reset set to 4.0V
  1449                           ;	Flash Program Memory Self Write Enable bits
  1450                           ;	WRT = OFF, Write protection off
  1451     2008                     	org	8200
  1452     2008  3FFF               	dw	16383

Data Sizes:
    Strings     0
    Constant    0
    Data        0
    BSS         5
    Persistent  0
    Stack       0

Auto Spaces:
    Space          Size  Autos    Used
    COMMON           14      7      12
    BANK0            80      6       6
    BANK1            80      0       0
    BANK3            96      0       0
    BANK2            96      0       0

Pointer List with Targets:

    None.

Critical Paths under _main in COMMON

    None.

Critical Paths under _isr in COMMON

    _isr->_adc_read

Critical Paths under _main in BANK0

    _setup->_spiInit

Critical Paths under _isr in BANK0

    None.

Critical Paths under _main in BANK1

    None.

Critical Paths under _isr in BANK1

    None.

Critical Paths under _main in BANK3

    None.

Critical Paths under _isr in BANK3

    None.

Critical Paths under _main in BANK2

    None.

Critical Paths under _isr in BANK2

    None.

Call Graph Tables:

 ---------------------------------------------------------------------------------
 (Depth) Function   	        Calls       Base Space   Used Autos Params    Refs
 ---------------------------------------------------------------------------------
 (0) _main                                                 2     2      0     554
                                              4 BANK0      2     2      0
                              _setup
 ---------------------------------------------------------------------------------
 (1) _setup                                                0     0      0     554
                           _adc_init
                            _spiInit
 ---------------------------------------------------------------------------------
 (2) _spiInit                                              4     1      3     456
                                              0 BANK0      4     1      3
 ---------------------------------------------------------------------------------
 (2) _adc_init                                             3     1      2      98
                                              0 BANK0      3     1      2
 ---------------------------------------------------------------------------------
 Estimated maximum stack depth 2
 ---------------------------------------------------------------------------------
 (Depth) Function   	        Calls       Base Space   Used Autos Params    Refs
 ---------------------------------------------------------------------------------
 (3) _isr                                                  3     3      0      15
                                              4 COMMON     3     3      0
                           _adc_read
                            _spiRead
                           _spiWrite
 ---------------------------------------------------------------------------------
 (4) _spiWrite                                             1     1      0      15
                                              0 COMMON     1     1      0
 ---------------------------------------------------------------------------------
 (4) _spiRead                                              0     0      0       0
                     _spiReceiveWait
 ---------------------------------------------------------------------------------
 (5) _spiReceiveWait                                       0     0      0       0
 ---------------------------------------------------------------------------------
 (4) _adc_read                                             4     2      2       0
                                              0 COMMON     4     2      2
 ---------------------------------------------------------------------------------
 Estimated maximum stack depth 5
 ---------------------------------------------------------------------------------

 Call Graph Graphs:

 _main (ROOT)
   _setup
     _adc_init
     _spiInit

 _isr (ROOT)
   _adc_read
   _spiRead
     _spiReceiveWait
   _spiWrite

 Address spaces:
Name               Size   Autos  Total    Cost      Usage
BITCOMMON            E      0       0       0        0.0%
EEDATA             100      0       0       0        0.0%
NULL                 0      0       0       0        0.0%
CODE                 0      0       0       0        0.0%
COMMON               E      7       C       1       85.7%
BITSFR0              0      0       0       1        0.0%
SFR0                 0      0       0       1        0.0%
BITSFR1              0      0       0       2        0.0%
SFR1                 0      0       0       2        0.0%
STACK                0      0       0       2        0.0%
ABS                  0      0      12       3        0.0%
BITBANK0            50      0       0       4        0.0%
BITSFR3              0      0       0       4        0.0%
SFR3                 0      0       0       4        0.0%
BANK0               50      6       6       5        7.5%
BITSFR2              0      0       0       5        0.0%
SFR2                 0      0       0       5        0.0%
BITBANK1            50      0       0       6        0.0%
BANK1               50      0       0       7        0.0%
BITBANK3            60      0       0       8        0.0%
BANK3               60      0       0       9        0.0%
BITBANK2            60      0       0      10        0.0%
BANK2               60      0       0      11        0.0%
DATA                 0      0      12      12        0.0%


Microchip Technology PIC Macro Assembler V2.40 build 20220703182018 
Symbol Table                                                                                   Thu Aug 03 22:49:36 2023

            _SSPSTATbits 0094                       l24 006D                       l17 005E  
                     l43 0123                       l44 0128                      l132 00EC  
                    l900 0062                      l902 0069                      l904 006C  
                    l880 0022                      l890 0036                      l882 0024  
                    l874 0018                      l892 003B                      l884 0027  
                    l876 001E                      l894 0040                      l886 002C  
                    l878 0021                      l888 0031                      l898 0043  
                    u120 0117                      u121 0116                      u130 00F9  
                    u131 00F8                      u147 00FF                      u157 0066  
                    _isr 006E                     l1010 0117                     l1012 011B  
                   l1020 00BA                     l1014 011D                     l1030 00C5  
                   l1022 00BB                     l1016 0122                     l1008 010E  
                   l1040 00D8                     l1032 00C8                     l1024 00BE  
                   l1050 00E1                     l1042 00D9                     l1034 00C9  
                   l1026 00C1                     l1018 00B6                     l1044 00DA  
                   l1036 00CD                     l1028 00C4                     l1060 0104  
                   l1052 00ED                     l1046 00DD                     l1038 00CE  
                   l1054 00F2                     l1048 00E0                     l1056 00F5  
                   l1082 004A                     l1058 00F9                     _ADIF 0066  
                   ?_isr 0070                     i1l50 0142                     i1l27 0132  
                   i1l61 013B                     i1l53 0148                     i1l47 013C  
                   u2_20 0142                     u2_21 0141                     u8_20 0074  
                   u8_21 0073                     u9_20 0089                     u9_21 0088  
                   _main 00ED                     btemp 007E                     start 000C  
                  ??_isr 0074                    ?_main 0070                    _ANSEL 0188  
                  i1l120 00AF                    i1l922 0129                    i1l772 013C  
                  i1l780 0133                    i1l782 0138                    i1l960 006E  
                  i1l778 0144                    i1l970 0092                    i1l962 0074  
                  i1l972 00A5                    i1l964 0082                    i1l974 00AE  
                  i1l966 0085                    i1l968 0089                    u10_20 0092  
                  u10_21 0091                    _PORTA 0005                    _PORTB 0006  
                  _PORTD 0008                    _TRISB 0086                    _TRISD 0088  
                  _SSPIF 0063                    _setup 00B6                    pclath 000A  
        __end_of_spiInit 0129          __end_of_spiRead 013C                    status 0003  
                  wtemp0 007E          __initialization 000F             __end_of_main 010B  
                 ??_main 0024                   _ADRESH 001E                   ?_setup 0070  
                 _ANSELH 0189         __end_of_adc_init 006E         __end_of_adc_read 0133  
                 _TRISC3 043B                   _TRISC5 043D                   _SSPCON 0014  
                 _SSPBUF 0013                   saved_w 007E         __end_of_spiWrite 0149  
              ??_spiInit 0023                ??_spiRead 0070  __end_of__initialization 0014  
         __pcstackCOMMON 0070            __end_of_setup 00ED                  ??_setup 0024  
             __pmaintext 00ED               __pintentry 0004                ?_adc_init 0020  
              ?_adc_read 0070                  _SSPSTAT 0094                ?_spiWrite 0070  
             ??_adc_init 0022               ??_adc_read 0072                  __ptext1 00B6  
                __ptext2 010B                  __ptext3 0018                  __ptext4 006E  
                __ptext5 0143                  __ptext6 0133                  __ptext7 013C  
                __ptext8 0129                  _spiInit 010B                  _spiRead 0133  
   end_of_initialization 0014               ??_spiWrite 0070                _TRISAbits 0085  
            spiWrite@dat 0070           _spiReceiveWait 013C      start_initialization 000F  
            __end_of_isr 00B6   __end_of_spiReceiveWait 0143          adc_init@channel 0020  
            _ADC_voltaje 0079              __pbssCOMMON 0077                ___latbits 0002  
          __pcstackBANK0 0020          ?_spiReceiveWait 0070                 ?_spiInit 0020  
               ?_spiRead 0070     spiInit@sTransmitEdge 0022        interrupt_function 0004  
               _PIE1bits 008C       spiInit@sDataSample 0020                 _PIR1bits 000C  
             _ADCON0bits 001F               _ADCON1bits 009F                 _adc_init 0018  
               _adc_read 0129                 _temporal 007B                 _spiWrite 0143  
           spiInit@sType 0023        spiInit@sClockIdle 0021               _INTCONbits 000B  
               intlevel1 0000         ??_spiReceiveWait 0070               _OSCCONbits 008F  
         _ADC_voltaje_nc 0077  
