

Microchip MPLAB XC8 Assembler V2.40 build 20220703182018 
                                                                                               Thu Aug 03 18:05:28 2023

Microchip MPLAB XC8 C Compiler v2.40 (Free license) build 20220703182018 Og1 
     1                           	processor	16F887
     2                           	pagewidth 120
     3                           	opt	flic
     4                           	psect	cinit,global,class=CODE,merge=1,delta=2
     5                           	psect	bssCOMMON,global,class=COMMON,space=1,delta=1,noexec
     6                           	psect	bssBANK0,global,class=BANK0,space=1,delta=1,noexec
     7                           	psect	cstackCOMMON,global,class=COMMON,space=1,delta=1,noexec
     8                           	psect	cstackBANK0,global,class=BANK0,space=1,delta=1,noexec
     9                           	psect	maintext,global,class=CODE,split=1,delta=2
    10                           	psect	text1,local,class=CODE,merge=1,delta=2
    11                           	psect	text2,local,class=CODE,merge=1,delta=2
    12                           	psect	text3,local,class=CODE,merge=1,delta=2
    13                           	psect	text4,local,class=CODE,merge=1,delta=2
    14                           	psect	intentry,global,class=CODE,delta=2
    15                           	psect	text5,local,class=CODE,merge=1,delta=2
    16                           	psect	text6,local,class=CODE,merge=1,delta=2
    17                           	psect	text7,local,class=CODE,merge=1,delta=2
    18                           	psect	text8,local,class=CODE,merge=1,delta=2
    19                           	psect	idloc,global,abs,ovrld,class=IDLOC,space=5,delta=2,noexec
    20                           	psect	config,global,abs,ovrld,class=CONFIG,space=4,delta=2,noexec
    21                           	dabs	1,0x7E,2
    22     0000                     
    23                           ; Version 2.40
    24                           ; Generated 17/11/2021 GMT
    25                           ; 
    26                           ; Copyright © 2021, Microchip Technology Inc. and its subsidiaries ("Microchip")
    27                           ; All rights reserved.
    28                           ; 
    29                           ; This software is developed by Microchip Technology Inc. and its subsidiaries ("Microch
      +                          ip").
    30                           ; 
    31                           ; Redistribution and use in source and binary forms, with or without modification, are
    32                           ; permitted provided that the following conditions are met:
    33                           ; 
    34                           ;     1. Redistributions of source code must retain the above copyright notice, this lis
      +                          t of
    35                           ;        conditions and the following disclaimer.
    36                           ; 
    37                           ;     2. Redistributions in binary form must reproduce the above copyright notice, this 
      +                          list
    38                           ;        of conditions and the following disclaimer in the documentation and/or other
    39                           ;        materials provided with the distribution. Publication is not required when
    40                           ;        this file is used in an embedded application.
    41                           ; 
    42                           ;     3. Microchip's name may not be used to endorse or promote products derived from th
      +                          is
    43                           ;        software without specific prior written permission.
    44                           ; 
    45                           ; THIS SOFTWARE IS PROVIDED BY MICROCHIP "AS IS" AND ANY EXPRESS OR IMPLIED WARRANTIES,
    46                           ; INCLUDING, BUT NOT LIMITED TO, THE IMPLIED WARRANTIES OF MERCHANTABILITY AND FITNESS F
      +                          OR
    47                           ; PURPOSE ARE DISCLAIMED.  IN NO EVENT SHALL MICROCHIP BE LIABLE FOR ANY DIRECT, INDIREC
      +                          T,
    48                           ; INCIDENTAL, SPECIAL, EXEMPLARY, OR CONSEQUENTIAL DAMAGES (INCLUDING BUT NOT LIMITED TO
    49                           ; PROCUREMENT OF SUBSTITUTE GOODS OR SERVICES; LOSS OF USE, DATA OR PROFITS; OR BUSINESS
    50                           ; INTERRUPTION) HOWSOEVER CAUSED AND ON ANY THEORY OF LIABILITY, WHETHER IN CONTRACT, ST
      +                          RICT
    51                           ; LIABILITY, OR TORT (INCLUDING NEGLIGENCE OR OTHERWISE) ARISING IN ANY WAY OUT OF THE U
      +                          SE OF
    52                           ; THIS SOFTWARE, EVEN IF ADVISED OF THE POSSIBILITY OF SUCH DAMAGE.
    53                           ; 
    54                           ; 
    55                           ; Code-generator required, PIC16F887 Definitions
    56                           ; 
    57                           ; SFR Addresses
    58     0000                     	;# 
    59     0001                     	;# 
    60     0002                     	;# 
    61     0003                     	;# 
    62     0004                     	;# 
    63     0005                     	;# 
    64     0006                     	;# 
    65     0007                     	;# 
    66     0008                     	;# 
    67     0009                     	;# 
    68     000A                     	;# 
    69     000B                     	;# 
    70     000C                     	;# 
    71     000D                     	;# 
    72     000E                     	;# 
    73     000E                     	;# 
    74     000F                     	;# 
    75     0010                     	;# 
    76     0011                     	;# 
    77     0012                     	;# 
    78     0013                     	;# 
    79     0014                     	;# 
    80     0015                     	;# 
    81     0015                     	;# 
    82     0016                     	;# 
    83     0017                     	;# 
    84     0018                     	;# 
    85     0019                     	;# 
    86     001A                     	;# 
    87     001B                     	;# 
    88     001B                     	;# 
    89     001C                     	;# 
    90     001D                     	;# 
    91     001E                     	;# 
    92     001F                     	;# 
    93     0081                     	;# 
    94     0085                     	;# 
    95     0086                     	;# 
    96     0087                     	;# 
    97     0088                     	;# 
    98     0089                     	;# 
    99     008C                     	;# 
   100     008D                     	;# 
   101     008E                     	;# 
   102     008F                     	;# 
   103     0090                     	;# 
   104     0091                     	;# 
   105     0092                     	;# 
   106     0093                     	;# 
   107     0093                     	;# 
   108     0093                     	;# 
   109     0094                     	;# 
   110     0095                     	;# 
   111     0096                     	;# 
   112     0097                     	;# 
   113     0098                     	;# 
   114     0099                     	;# 
   115     009A                     	;# 
   116     009B                     	;# 
   117     009C                     	;# 
   118     009D                     	;# 
   119     009E                     	;# 
   120     009F                     	;# 
   121     0105                     	;# 
   122     0107                     	;# 
   123     0108                     	;# 
   124     0109                     	;# 
   125     010C                     	;# 
   126     010C                     	;# 
   127     010D                     	;# 
   128     010E                     	;# 
   129     010F                     	;# 
   130     0185                     	;# 
   131     0187                     	;# 
   132     0188                     	;# 
   133     0189                     	;# 
   134     018C                     	;# 
   135     018D                     	;# 
   136     0000                     	;# 
   137     0001                     	;# 
   138     0002                     	;# 
   139     0003                     	;# 
   140     0004                     	;# 
   141     0005                     	;# 
   142     0006                     	;# 
   143     0007                     	;# 
   144     0008                     	;# 
   145     0009                     	;# 
   146     000A                     	;# 
   147     000B                     	;# 
   148     000C                     	;# 
   149     000D                     	;# 
   150     000E                     	;# 
   151     000E                     	;# 
   152     000F                     	;# 
   153     0010                     	;# 
   154     0011                     	;# 
   155     0012                     	;# 
   156     0013                     	;# 
   157     0014                     	;# 
   158     0015                     	;# 
   159     0015                     	;# 
   160     0016                     	;# 
   161     0017                     	;# 
   162     0018                     	;# 
   163     0019                     	;# 
   164     001A                     	;# 
   165     001B                     	;# 
   166     001B                     	;# 
   167     001C                     	;# 
   168     001D                     	;# 
   169     001E                     	;# 
   170     001F                     	;# 
   171     0081                     	;# 
   172     0085                     	;# 
   173     0086                     	;# 
   174     0087                     	;# 
   175     0088                     	;# 
   176     0089                     	;# 
   177     008C                     	;# 
   178     008D                     	;# 
   179     008E                     	;# 
   180     008F                     	;# 
   181     0090                     	;# 
   182     0091                     	;# 
   183     0092                     	;# 
   184     0093                     	;# 
   185     0093                     	;# 
   186     0093                     	;# 
   187     0094                     	;# 
   188     0095                     	;# 
   189     0096                     	;# 
   190     0097                     	;# 
   191     0098                     	;# 
   192     0099                     	;# 
   193     009A                     	;# 
   194     009B                     	;# 
   195     009C                     	;# 
   196     009D                     	;# 
   197     009E                     	;# 
   198     009F                     	;# 
   199     0105                     	;# 
   200     0107                     	;# 
   201     0108                     	;# 
   202     0109                     	;# 
   203     010C                     	;# 
   204     010C                     	;# 
   205     010D                     	;# 
   206     010E                     	;# 
   207     010F                     	;# 
   208     0185                     	;# 
   209     0187                     	;# 
   210     0188                     	;# 
   211     0189                     	;# 
   212     018C                     	;# 
   213     018D                     	;# 
   214     0000                     	;# 
   215     0001                     	;# 
   216     0002                     	;# 
   217     0003                     	;# 
   218     0004                     	;# 
   219     0005                     	;# 
   220     0006                     	;# 
   221     0007                     	;# 
   222     0008                     	;# 
   223     0009                     	;# 
   224     000A                     	;# 
   225     000B                     	;# 
   226     000C                     	;# 
   227     000D                     	;# 
   228     000E                     	;# 
   229     000E                     	;# 
   230     000F                     	;# 
   231     0010                     	;# 
   232     0011                     	;# 
   233     0012                     	;# 
   234     0013                     	;# 
   235     0014                     	;# 
   236     0015                     	;# 
   237     0015                     	;# 
   238     0016                     	;# 
   239     0017                     	;# 
   240     0018                     	;# 
   241     0019                     	;# 
   242     001A                     	;# 
   243     001B                     	;# 
   244     001B                     	;# 
   245     001C                     	;# 
   246     001D                     	;# 
   247     001E                     	;# 
   248     001F                     	;# 
   249     0081                     	;# 
   250     0085                     	;# 
   251     0086                     	;# 
   252     0087                     	;# 
   253     0088                     	;# 
   254     0089                     	;# 
   255     008C                     	;# 
   256     008D                     	;# 
   257     008E                     	;# 
   258     008F                     	;# 
   259     0090                     	;# 
   260     0091                     	;# 
   261     0092                     	;# 
   262     0093                     	;# 
   263     0093                     	;# 
   264     0093                     	;# 
   265     0094                     	;# 
   266     0095                     	;# 
   267     0096                     	;# 
   268     0097                     	;# 
   269     0098                     	;# 
   270     0099                     	;# 
   271     009A                     	;# 
   272     009B                     	;# 
   273     009C                     	;# 
   274     009D                     	;# 
   275     009E                     	;# 
   276     009F                     	;# 
   277     0105                     	;# 
   278     0107                     	;# 
   279     0108                     	;# 
   280     0109                     	;# 
   281     010C                     	;# 
   282     010C                     	;# 
   283     010D                     	;# 
   284     010E                     	;# 
   285     010F                     	;# 
   286     0185                     	;# 
   287     0187                     	;# 
   288     0188                     	;# 
   289     0189                     	;# 
   290     018C                     	;# 
   291     018D                     	;# 
   292     0000                     	;# 
   293     0001                     	;# 
   294     0002                     	;# 
   295     0003                     	;# 
   296     0004                     	;# 
   297     0005                     	;# 
   298     0006                     	;# 
   299     0007                     	;# 
   300     0008                     	;# 
   301     0009                     	;# 
   302     000A                     	;# 
   303     000B                     	;# 
   304     000C                     	;# 
   305     000D                     	;# 
   306     000E                     	;# 
   307     000E                     	;# 
   308     000F                     	;# 
   309     0010                     	;# 
   310     0011                     	;# 
   311     0012                     	;# 
   312     0013                     	;# 
   313     0014                     	;# 
   314     0015                     	;# 
   315     0015                     	;# 
   316     0016                     	;# 
   317     0017                     	;# 
   318     0018                     	;# 
   319     0019                     	;# 
   320     001A                     	;# 
   321     001B                     	;# 
   322     001B                     	;# 
   323     001C                     	;# 
   324     001D                     	;# 
   325     001E                     	;# 
   326     001F                     	;# 
   327     0081                     	;# 
   328     0085                     	;# 
   329     0086                     	;# 
   330     0087                     	;# 
   331     0088                     	;# 
   332     0089                     	;# 
   333     008C                     	;# 
   334     008D                     	;# 
   335     008E                     	;# 
   336     008F                     	;# 
   337     0090                     	;# 
   338     0091                     	;# 
   339     0092                     	;# 
   340     0093                     	;# 
   341     0093                     	;# 
   342     0093                     	;# 
   343     0094                     	;# 
   344     0095                     	;# 
   345     0096                     	;# 
   346     0097                     	;# 
   347     0098                     	;# 
   348     0099                     	;# 
   349     009A                     	;# 
   350     009B                     	;# 
   351     009C                     	;# 
   352     009D                     	;# 
   353     009E                     	;# 
   354     009F                     	;# 
   355     0105                     	;# 
   356     0107                     	;# 
   357     0108                     	;# 
   358     0109                     	;# 
   359     010C                     	;# 
   360     010C                     	;# 
   361     010D                     	;# 
   362     010E                     	;# 
   363     010F                     	;# 
   364     0185                     	;# 
   365     0187                     	;# 
   366     0188                     	;# 
   367     0189                     	;# 
   368     018C                     	;# 
   369     018D                     	;# 
   370     0013                     _SSPBUF	set	19
   371     0014                     _SSPCON	set	20
   372     001E                     _ADRESH	set	30
   373     000B                     _INTCONbits	set	11
   374     0006                     _PORTB	set	6
   375     0005                     _PORTA	set	5
   376     0006                     _PORTBbits	set	6
   377     001F                     _ADCON0bits	set	31
   378     000C                     _PIR1bits	set	12
   379     0008                     _PORTD	set	8
   380     0058                     _RBIF	set	88
   381     0066                     _ADIF	set	102
   382     0063                     _SSPIF	set	99
   383     0094                     _SSPSTATbits	set	148
   384     0094                     _SSPSTAT	set	148
   385     009F                     _ADCON1bits	set	159
   386     008C                     _PIE1bits	set	140
   387     0096                     _IOCBbits	set	150
   388     0081                     _OPTION_REGbits	set	129
   389     008F                     _OSCCONbits	set	143
   390     0088                     _TRISD	set	136
   391     0086                     _TRISB	set	134
   392     0085                     _TRISAbits	set	133
   393     043B                     _TRISC3	set	1083
   394     043D                     _TRISC5	set	1085
   395     0189                     _ANSELH	set	393
   396     0188                     _ANSEL	set	392
   397                           
   398                           	psect	cinit
   399     000F                     start_initialization:	
   400                           ; #config settings
   401                           
   402     000F                     __initialization:
   403                           
   404                           ; Clear objects allocated to COMMON
   405     000F  01FA               	clrf	__pbssCOMMON& (0+127)
   406     0010  01FB               	clrf	(__pbssCOMMON+1)& (0+127)
   407     0011  01FC               	clrf	(__pbssCOMMON+2)& (0+127)
   408     0012  01FD               	clrf	(__pbssCOMMON+3)& (0+127)
   409                           
   410                           ; Clear objects allocated to BANK0
   411     0013  1283               	bcf	3,5	;RP0=0, select bank0
   412     0014  1303               	bcf	3,6	;RP1=0, select bank0
   413     0015  01A0               	clrf	__pbssBANK0& (0+127)
   414     0016  01A1               	clrf	(__pbssBANK0+1)& (0+127)
   415     0017  01A2               	clrf	(__pbssBANK0+2)& (0+127)
   416     0018  01A3               	clrf	(__pbssBANK0+3)& (0+127)
   417     0019  01A4               	clrf	(__pbssBANK0+4)& (0+127)
   418     001A  01A5               	clrf	(__pbssBANK0+5)& (0+127)
   419     001B                     end_of_initialization:	
   420                           ;End of C runtime variable initialization code
   421                           
   422     001B                     __end_of__initialization:
   423     001B  0183               	clrf	3
   424     001C  120A  118A  295A   	ljmp	_main	;jump to C main() function
   425                           
   426                           	psect	bssCOMMON
   427     007A                     __pbssCOMMON:
   428     007A                     _RB1_state_prev:
   429     007A                     	ds	1
   430     007B                     _RB0_state_prev:
   431     007B                     	ds	1
   432     007C                     _valor_recibido:
   433     007C                     	ds	1
   434     007D                     _contador_e:
   435     007D                     	ds	1
   436                           
   437                           	psect	bssBANK0
   438     0020                     __pbssBANK0:
   439     0020                     _ADC_voltaje_nc:
   440     0020                     	ds	2
   441     0022                     _ADC_voltaje:
   442     0022                     	ds	2
   443     0024                     _tipo_dato:
   444     0024                     	ds	1
   445     0025                     _temporal:
   446     0025                     	ds	1
   447                           
   448                           	psect	cstackCOMMON
   449     0070                     __pcstackCOMMON:
   450     0070                     ?_spiRead:
   451     0070                     ??_spiRead:	
   452                           ; 1 bytes @ 0x0
   453                           
   454     0070                     ?_spiWrite:	
   455                           ; 1 bytes @ 0x0
   456                           
   457     0070                     ??_spiWrite:	
   458                           ; 1 bytes @ 0x0
   459                           
   460     0070                     ?_setup:	
   461                           ; 1 bytes @ 0x0
   462                           
   463     0070                     ?_isr:	
   464                           ; 1 bytes @ 0x0
   465                           
   466     0070                     ?_main:	
   467                           ; 1 bytes @ 0x0
   468                           
   469     0070                     ?_spiReceiveWait:	
   470                           ; 1 bytes @ 0x0
   471                           
   472     0070                     ??_spiReceiveWait:	
   473                           ; 1 bytes @ 0x0
   474                           
   475     0070                     ?_adc_read:	
   476                           ; 1 bytes @ 0x0
   477                           
   478     0070                     spiWrite@dat:	
   479                           ; 2 bytes @ 0x0
   480                           
   481                           
   482                           ; 1 bytes @ 0x0
   483     0070                     	ds	2
   484     0072                     ??_adc_read:
   485                           
   486                           ; 1 bytes @ 0x2
   487     0072                     	ds	2
   488     0074                     ??_isr:
   489                           
   490                           ; 1 bytes @ 0x4
   491     0074                     	ds	4
   492     0078                     isr@RB0_state_current:
   493                           
   494                           ; 1 bytes @ 0x8
   495     0078                     	ds	1
   496     0079                     isr@RB1_state_current:
   497                           
   498                           ; 1 bytes @ 0x9
   499     0079                     	ds	1
   500                           
   501                           	psect	cstackBANK0
   502     0026                     __pcstackBANK0:
   503     0026                     ?_adc_init:
   504     0026                     ?_spiInit:	
   505                           ; 1 bytes @ 0x0
   506                           
   507     0026                     spiInit@sDataSample:	
   508                           ; 1 bytes @ 0x0
   509                           
   510     0026                     adc_init@channel:	
   511                           ; 1 bytes @ 0x0
   512                           
   513                           
   514                           ; 2 bytes @ 0x0
   515     0026                     	ds	1
   516     0027                     spiInit@sClockIdle:
   517                           
   518                           ; 1 bytes @ 0x1
   519     0027                     	ds	1
   520     0028                     ??_adc_init:
   521     0028                     spiInit@sTransmitEdge:	
   522                           ; 1 bytes @ 0x2
   523                           
   524                           
   525                           ; 1 bytes @ 0x2
   526     0028                     	ds	1
   527     0029                     ??_spiInit:
   528     0029                     spiInit@sType:	
   529                           ; 1 bytes @ 0x3
   530                           
   531                           
   532                           ; 1 bytes @ 0x3
   533     0029                     	ds	1
   534     002A                     ??_setup:
   535     002A                     ??_main:	
   536                           ; 1 bytes @ 0x4
   537                           
   538                           
   539                           ; 1 bytes @ 0x4
   540     002A                     	ds	2
   541                           
   542                           	psect	maintext
   543     015A                     __pmaintext:	
   544 ;;
   545 ;;Main: autosize = 0, tempsize = 2, incstack = 0, save=0
   546 ;;
   547 ;; *************** function _main *****************
   548 ;; Defined at:
   549 ;;		line 116 in file "esclavo1_postlab3.c"
   550 ;; Parameters:    Size  Location     Type
   551 ;;		None
   552 ;; Auto vars:     Size  Location     Type
   553 ;;		None
   554 ;; Return value:  Size  Location     Type
   555 ;;                  1    wreg      void 
   556 ;; Registers used:
   557 ;;		wreg, fsr0l, fsr0h, status,2, status,0, pclath, cstack
   558 ;; Tracked objects:
   559 ;;		On entry : B00/0
   560 ;;		On exit  : 0/0
   561 ;;		Unchanged: 0/0
   562 ;; Data sizes:     COMMON   BANK0   BANK1   BANK3   BANK2
   563 ;;      Params:         0       0       0       0       0
   564 ;;      Locals:         0       0       0       0       0
   565 ;;      Temps:          0       2       0       0       0
   566 ;;      Totals:         0       2       0       0       0
   567 ;;Total ram usage:        2 bytes
   568 ;; Hardware stack levels required when called: 5
   569 ;; This function calls:
   570 ;;		_setup
   571 ;; This function is called by:
   572 ;;		Startup code after reset
   573 ;; This function uses a non-reentrant model
   574 ;;
   575                           
   576     015A                     _main:	
   577                           ;psect for function _main
   578                           
   579     015A                     l1106:	
   580                           ;incstack = 0
   581                           ; Regs used in _main: [wreg-fsr0h+status,2+status,0+pclath+cstack]
   582                           
   583                           
   584                           ;esclavo1_postlab3.c: 117:     setup();
   585     015A  120A  118A  211B  120A  118A  	fcall	_setup
   586     015F                     l1108:
   587                           
   588                           ;esclavo1_postlab3.c: 118:     ADCON0bits.GO = 1;
   589     015F  1283               	bcf	3,5	;RP0=0, select bank0
   590     0160  1303               	bcf	3,6	;RP1=0, select bank0
   591     0161  149F               	bsf	31,1	;volatile
   592     0162                     l1110:
   593                           
   594                           ;esclavo1_postlab3.c: 125:         if (ADCON0bits.GO == 0)
   595     0162  189F               	btfsc	31,1	;volatile
   596     0163  2965               	goto	u301
   597     0164  2966               	goto	u300
   598     0165                     u301:
   599     0165  2962               	goto	l1110
   600     0166                     u300:
   601     0166                     l1112:
   602                           
   603                           ;esclavo1_postlab3.c: 126:         {;esclavo1_postlab3.c: 127:             _delay((unsig
      +                          ned long)((10)*(8000000/4000.0)));
   604     0166  301A               	movlw	26
   605     0167  1283               	bcf	3,5	;RP0=0, select bank0
   606     0168  1303               	bcf	3,6	;RP1=0, select bank0
   607     0169  00AB               	movwf	??_main+1
   608     016A  30F7               	movlw	247
   609     016B  00AA               	movwf	??_main
   610     016C                     u317:
   611     016C  0BAA               	decfsz	??_main,f
   612     016D  296C               	goto	u317
   613     016E  0BAB               	decfsz	??_main+1,f
   614     016F  296C               	goto	u317
   615     0170  2971               	nop2
   616     0171                     l1114:
   617                           
   618                           ;esclavo1_postlab3.c: 128:             ADCON0bits.GO = 1;
   619     0171  1283               	bcf	3,5	;RP0=0, select bank0
   620     0172  1303               	bcf	3,6	;RP1=0, select bank0
   621     0173  149F               	bsf	31,1	;volatile
   622     0174  2962               	goto	l1110
   623     0175  120A  118A  280C   	ljmp	start
   624     0178                     __end_of_main:
   625                           
   626                           	psect	text1
   627     011B                     __ptext1:	
   628 ;; *************** function _setup *****************
   629 ;; Defined at:
   630 ;;		line 136 in file "esclavo1_postlab3.c"
   631 ;; Parameters:    Size  Location     Type
   632 ;;		None
   633 ;; Auto vars:     Size  Location     Type
   634 ;;		None
   635 ;; Return value:  Size  Location     Type
   636 ;;                  1    wreg      void 
   637 ;; Registers used:
   638 ;;		wreg, fsr0l, fsr0h, status,2, status,0, pclath, cstack
   639 ;; Tracked objects:
   640 ;;		On entry : 0/0
   641 ;;		On exit  : 0/0
   642 ;;		Unchanged: 0/0
   643 ;; Data sizes:     COMMON   BANK0   BANK1   BANK3   BANK2
   644 ;;      Params:         0       0       0       0       0
   645 ;;      Locals:         0       0       0       0       0
   646 ;;      Temps:          0       0       0       0       0
   647 ;;      Totals:         0       0       0       0       0
   648 ;;Total ram usage:        0 bytes
   649 ;; Hardware stack levels used: 1
   650 ;; Hardware stack levels required when called: 4
   651 ;; This function calls:
   652 ;;		_adc_init
   653 ;;		_spiInit
   654 ;; This function is called by:
   655 ;;		_main
   656 ;; This function uses a non-reentrant model
   657 ;;
   658                           
   659     011B                     _setup:	
   660                           ;psect for function _setup
   661                           
   662     011B                     l1008:	
   663                           ;incstack = 0
   664                           ; Regs used in _setup: [wreg-fsr0h+status,2+status,0+pclath+cstack]
   665                           
   666                           
   667                           ;esclavo1_postlab3.c: 137:     ANSEL = 0b00000001;
   668     011B  3001               	movlw	1
   669     011C  1683               	bsf	3,5	;RP0=1, select bank3
   670     011D  1703               	bsf	3,6	;RP1=1, select bank3
   671     011E  0088               	movwf	8	;volatile
   672     011F                     l1010:
   673                           
   674                           ;esclavo1_postlab3.c: 138:     ANSELH = 0;
   675     011F  0189               	clrf	9	;volatile
   676     0120                     l1012:
   677                           
   678                           ;esclavo1_postlab3.c: 140:     TRISAbits.TRISA0 = 1;
   679     0120  1683               	bsf	3,5	;RP0=1, select bank1
   680     0121  1303               	bcf	3,6	;RP1=0, select bank1
   681     0122  1405               	bsf	5,0	;volatile
   682     0123                     l1014:
   683                           
   684                           ;esclavo1_postlab3.c: 141:     PORTA = 0x00;
   685     0123  1283               	bcf	3,5	;RP0=0, select bank0
   686     0124  1303               	bcf	3,6	;RP1=0, select bank0
   687     0125  0185               	clrf	5	;volatile
   688                           
   689                           ;esclavo1_postlab3.c: 142:     TRISB = 0b00000011;
   690     0126  3003               	movlw	3
   691     0127  1683               	bsf	3,5	;RP0=1, select bank1
   692     0128  1303               	bcf	3,6	;RP1=0, select bank1
   693     0129  0086               	movwf	6	;volatile
   694     012A                     l1016:
   695                           
   696                           ;esclavo1_postlab3.c: 143:     TRISD = 0;
   697     012A  0188               	clrf	8	;volatile
   698     012B                     l1018:
   699                           
   700                           ;esclavo1_postlab3.c: 145:     PORTB = 0;
   701     012B  1283               	bcf	3,5	;RP0=0, select bank0
   702     012C  1303               	bcf	3,6	;RP1=0, select bank0
   703     012D  0186               	clrf	6	;volatile
   704     012E                     l1020:
   705                           
   706                           ;esclavo1_postlab3.c: 146:     PORTD = 0;
   707     012E  0188               	clrf	8	;volatile
   708     012F                     l1022:
   709                           
   710                           ;esclavo1_postlab3.c: 149:     OSCCONbits.IRCF = 0b111;
   711     012F  3070               	movlw	112
   712     0130  1683               	bsf	3,5	;RP0=1, select bank1
   713     0131  1303               	bcf	3,6	;RP1=0, select bank1
   714     0132  048F               	iorwf	15,f	;volatile
   715     0133                     l1024:
   716                           
   717                           ;esclavo1_postlab3.c: 150:     OSCCONbits.SCS = 1;
   718     0133  140F               	bsf	15,0	;volatile
   719     0134                     l1026:
   720                           
   721                           ;esclavo1_postlab3.c: 152:     adc_init(0);
   722     0134  3000               	movlw	0
   723     0135  1283               	bcf	3,5	;RP0=0, select bank0
   724     0136  1303               	bcf	3,6	;RP1=0, select bank0
   725     0137  00A6               	movwf	adc_init@channel
   726     0138  00A7               	movwf	adc_init@channel+1
   727     0139  120A  118A  20C5  120A  118A  	fcall	_adc_init
   728     013E                     l1028:
   729                           
   730                           ;esclavo1_postlab3.c: 155:     OPTION_REGbits.nRBPU = 0;
   731     013E  1683               	bsf	3,5	;RP0=1, select bank1
   732     013F  1303               	bcf	3,6	;RP1=0, select bank1
   733     0140  1381               	bcf	1,7	;volatile
   734     0141                     l1030:
   735                           
   736                           ;esclavo1_postlab3.c: 156:     INTCONbits.RBIE = 1;
   737     0141  158B               	bsf	11,3	;volatile
   738     0142                     l1032:
   739                           
   740                           ;esclavo1_postlab3.c: 157:     INTCONbits.RBIF = 0;
   741     0142  100B               	bcf	11,0	;volatile
   742     0143                     l1034:
   743                           
   744                           ;esclavo1_postlab3.c: 158:     IOCBbits.IOCB0 = 1;
   745     0143  1416               	bsf	22,0	;volatile
   746     0144                     l1036:
   747                           
   748                           ;esclavo1_postlab3.c: 159:     IOCBbits.IOCB1 = 1;
   749     0144  1496               	bsf	22,1	;volatile
   750     0145                     l1038:
   751                           
   752                           ;esclavo1_postlab3.c: 163:     INTCONbits.PEIE = 1;
   753     0145  170B               	bsf	11,6	;volatile
   754     0146                     l1040:
   755                           
   756                           ;esclavo1_postlab3.c: 164:     INTCONbits.GIE = 1;
   757     0146  178B               	bsf	11,7	;volatile
   758     0147                     l1042:
   759                           
   760                           ;esclavo1_postlab3.c: 165:     PIR1bits.SSPIF = 0;
   761     0147  1283               	bcf	3,5	;RP0=0, select bank0
   762     0148  1303               	bcf	3,6	;RP1=0, select bank0
   763     0149  118C               	bcf	12,3	;volatile
   764     014A                     l1044:
   765                           
   766                           ;esclavo1_postlab3.c: 166:     PIE1bits.SSPIE = 1;
   767     014A  1683               	bsf	3,5	;RP0=1, select bank1
   768     014B  1303               	bcf	3,6	;RP1=0, select bank1
   769     014C  158C               	bsf	12,3	;volatile
   770     014D                     l1046:
   771                           
   772                           ;esclavo1_postlab3.c: 167:     TRISAbits.TRISA5 = 1;
   773     014D  1685               	bsf	5,5	;volatile
   774     014E                     l1048:
   775                           
   776                           ;esclavo1_postlab3.c: 168:     spiInit(SPI_SLAVE_SS_EN, SPI_DATA_SAMPLE_MIDDLE, SPI_CLOC
      +                          K_IDLE_LOW, SPI_IDLE_2_ACTIVE);
   777     014E  1283               	bcf	3,5	;RP0=0, select bank0
   778     014F  1303               	bcf	3,6	;RP1=0, select bank0
   779     0150  01A6               	clrf	spiInit@sDataSample
   780     0151  01A7               	clrf	spiInit@sClockIdle
   781     0152  01A8               	clrf	spiInit@sTransmitEdge
   782     0153  3024               	movlw	36
   783     0154  120A  118A  2178  120A  118A  	fcall	_spiInit
   784     0159                     l97:
   785     0159  0008               	return
   786     015A                     __end_of_setup:
   787                           
   788                           	psect	text2
   789     0178                     __ptext2:	
   790 ;; *************** function _spiInit *****************
   791 ;; Defined at:
   792 ;;		line 9 in file "SPI.c"
   793 ;; Parameters:    Size  Location     Type
   794 ;;  sType           1    wreg     enum E1292
   795 ;;  sDataSample     1    0[BANK0 ] enum E1300
   796 ;;  sClockIdle      1    1[BANK0 ] enum E1304
   797 ;;  sTransmitEdg    1    2[BANK0 ] enum E1308
   798 ;; Auto vars:     Size  Location     Type
   799 ;;  sType           1    3[BANK0 ] enum E1292
   800 ;; Return value:  Size  Location     Type
   801 ;;                  1    wreg      void 
   802 ;; Registers used:
   803 ;;		wreg, status,2, status,0
   804 ;; Tracked objects:
   805 ;;		On entry : 0/0
   806 ;;		On exit  : 0/0
   807 ;;		Unchanged: 0/0
   808 ;; Data sizes:     COMMON   BANK0   BANK1   BANK3   BANK2
   809 ;;      Params:         0       3       0       0       0
   810 ;;      Locals:         0       1       0       0       0
   811 ;;      Temps:          0       0       0       0       0
   812 ;;      Totals:         0       4       0       0       0
   813 ;;Total ram usage:        4 bytes
   814 ;; Hardware stack levels used: 1
   815 ;; Hardware stack levels required when called: 3
   816 ;; This function calls:
   817 ;;		Nothing
   818 ;; This function is called by:
   819 ;;		_setup
   820 ;; This function uses a non-reentrant model
   821 ;;
   822                           
   823     0178                     _spiInit:	
   824                           ;psect for function _spiInit
   825                           
   826                           
   827                           ;incstack = 0
   828                           ; Regs used in _spiInit: [wreg+status,2+status,0]
   829                           ;spiInit@sType stored from wreg
   830     0178  1283               	bcf	3,5	;RP0=0, select bank0
   831     0179  1303               	bcf	3,6	;RP1=0, select bank0
   832     017A  00A9               	movwf	spiInit@sType
   833     017B                     l984:
   834                           
   835                           ;SPI.c: 9: void spiInit(Spi_Type sType, Spi_Data_Sample sDataSample, Spi_Clock_Idle sClo
      +                          ckIdle, Spi_Transmit_Edge sTransmitEdge);SPI.c: 10: {;SPI.c: 11:     TRISC5 = 0;
   836     017B  1683               	bsf	3,5	;RP0=1, select bank1
   837     017C  1303               	bcf	3,6	;RP1=0, select bank1
   838     017D  1287               	bcf	7,5	;volatile
   839                           
   840                           ;SPI.c: 12:     if(sType & 0b00000100)
   841     017E  1283               	bcf	3,5	;RP0=0, select bank0
   842     017F  1303               	bcf	3,6	;RP1=0, select bank0
   843     0180  1D29               	btfss	spiInit@sType,2
   844     0181  2983               	goto	u161
   845     0182  2984               	goto	u160
   846     0183                     u161:
   847     0183  298A               	goto	l990
   848     0184                     u160:
   849     0184                     l986:
   850                           
   851                           ;SPI.c: 13:     {;SPI.c: 14:         SSPSTAT = sTransmitEdge;
   852     0184  0828               	movf	spiInit@sTransmitEdge,w
   853     0185  1683               	bsf	3,5	;RP0=1, select bank1
   854     0186  1303               	bcf	3,6	;RP1=0, select bank1
   855     0187  0094               	movwf	20	;volatile
   856     0188                     l988:
   857                           
   858                           ;SPI.c: 15:         TRISC3 = 1;
   859     0188  1587               	bsf	7,3	;volatile
   860                           
   861                           ;SPI.c: 16:     }
   862     0189  2990               	goto	l140
   863     018A                     l990:
   864                           
   865                           ;SPI.c: 18:     {;SPI.c: 19:         SSPSTAT = sDataSample | sTransmitEdge;
   866     018A  0826               	movf	spiInit@sDataSample,w
   867     018B  0428               	iorwf	spiInit@sTransmitEdge,w
   868     018C  1683               	bsf	3,5	;RP0=1, select bank1
   869     018D  1303               	bcf	3,6	;RP1=0, select bank1
   870     018E  0094               	movwf	20	;volatile
   871     018F                     l992:
   872                           
   873                           ;SPI.c: 20:         TRISC3 = 0;
   874     018F  1187               	bcf	7,3	;volatile
   875     0190                     l140:	
   876                           ;SPI.c: 21:     }
   877                           
   878                           
   879                           ;SPI.c: 23:     SSPCON = sType | sClockIdle;
   880     0190  1283               	bcf	3,5	;RP0=0, select bank0
   881     0191  1303               	bcf	3,6	;RP1=0, select bank0
   882     0192  0829               	movf	spiInit@sType,w
   883     0193  0427               	iorwf	spiInit@sClockIdle,w
   884     0194  0094               	movwf	20	;volatile
   885     0195                     l141:
   886     0195  0008               	return
   887     0196                     __end_of_spiInit:
   888                           
   889                           	psect	text3
   890     00C5                     __ptext3:	
   891 ;; *************** function _adc_init *****************
   892 ;; Defined at:
   893 ;;		line 6 in file "ADC.c"
   894 ;; Parameters:    Size  Location     Type
   895 ;;  channel         2    0[BANK0 ] int 
   896 ;; Auto vars:     Size  Location     Type
   897 ;;		None
   898 ;; Return value:  Size  Location     Type
   899 ;;                  1    wreg      void 
   900 ;; Registers used:
   901 ;;		wreg, fsr0l, fsr0h, status,2, status,0
   902 ;; Tracked objects:
   903 ;;		On entry : 0/0
   904 ;;		On exit  : 0/0
   905 ;;		Unchanged: 0/0
   906 ;; Data sizes:     COMMON   BANK0   BANK1   BANK3   BANK2
   907 ;;      Params:         0       2       0       0       0
   908 ;;      Locals:         0       0       0       0       0
   909 ;;      Temps:          0       1       0       0       0
   910 ;;      Totals:         0       3       0       0       0
   911 ;;Total ram usage:        3 bytes
   912 ;; Hardware stack levels used: 1
   913 ;; Hardware stack levels required when called: 3
   914 ;; This function calls:
   915 ;;		Nothing
   916 ;; This function is called by:
   917 ;;		_setup
   918 ;; This function uses a non-reentrant model
   919 ;;
   920                           
   921     00C5                     _adc_init:	
   922                           ;psect for function _adc_init
   923                           
   924     00C5                     l946:	
   925                           ;incstack = 0
   926                           ; Regs used in _adc_init: [wreg-fsr0h+status,2+status,0]
   927                           
   928                           
   929                           ;ADC.c: 6: void adc_init (int channel);ADC.c: 7: {;ADC.c: 9:     ADCON0bits.ADCS = 0b10;
   930     00C5  1283               	bcf	3,5	;RP0=0, select bank0
   931     00C6  1303               	bcf	3,6	;RP1=0, select bank0
   932     00C7  081F               	movf	31,w	;volatile
   933     00C8  393F               	andlw	-193
   934     00C9  3880               	iorlw	128
   935     00CA  009F               	movwf	31	;volatile
   936     00CB                     l948:
   937                           
   938                           ;ADC.c: 10:     ADCON1bits.ADFM = 0;
   939     00CB  1683               	bsf	3,5	;RP0=1, select bank1
   940     00CC  1303               	bcf	3,6	;RP1=0, select bank1
   941     00CD  139F               	bcf	31,7	;volatile
   942     00CE                     l950:
   943                           
   944                           ;ADC.c: 11:     ADCON1bits.VCFG1 = 0;
   945     00CE  129F               	bcf	31,5	;volatile
   946     00CF                     l952:
   947                           
   948                           ;ADC.c: 12:     ADCON1bits.VCFG1 = 0;
   949     00CF  129F               	bcf	31,5	;volatile
   950                           
   951                           ;ADC.c: 14:     switch (channel){
   952     00D0  28F0               	goto	l970
   953     00D1                     l954:
   954                           
   955                           ;ADC.c: 17:             ADCON0bits.CHS = 0b0000;
   956     00D1  30C3               	movlw	-61
   957     00D2  059F               	andwf	31,f	;volatile
   958                           
   959                           ;ADC.c: 19:             break;
   960     00D3  290B               	goto	l114
   961     00D4                     l956:
   962                           
   963                           ;ADC.c: 22:             ADCON0bits.CHS = 0b0001;
   964     00D4  081F               	movf	31,w	;volatile
   965     00D5  39C3               	andlw	-61
   966     00D6  3804               	iorlw	4
   967     00D7  009F               	movwf	31	;volatile
   968                           
   969                           ;ADC.c: 24:             break;
   970     00D8  290B               	goto	l114
   971     00D9                     l958:
   972                           
   973                           ;ADC.c: 27:             ADCON0bits.CHS = 0b0010;
   974     00D9  081F               	movf	31,w	;volatile
   975     00DA  39C3               	andlw	-61
   976     00DB  3808               	iorlw	8
   977     00DC  009F               	movwf	31	;volatile
   978                           
   979                           ;ADC.c: 29:             break;
   980     00DD  290B               	goto	l114
   981     00DE                     l960:
   982                           
   983                           ;ADC.c: 32:             ADCON0bits.CHS = 0b0011;
   984     00DE  081F               	movf	31,w	;volatile
   985     00DF  39C3               	andlw	-61
   986     00E0  380C               	iorlw	12
   987     00E1  009F               	movwf	31	;volatile
   988                           
   989                           ;ADC.c: 34:             break;
   990     00E2  290B               	goto	l114
   991     00E3                     l962:
   992                           
   993                           ;ADC.c: 37:             ADCON0bits.CHS = 0b0100;
   994     00E3  081F               	movf	31,w	;volatile
   995     00E4  39C3               	andlw	-61
   996     00E5  3810               	iorlw	16
   997     00E6  009F               	movwf	31	;volatile
   998                           
   999                           ;ADC.c: 39:             break;
  1000     00E7  290B               	goto	l114
  1001     00E8                     l964:
  1002                           
  1003                           ;ADC.c: 42:             ADCON0bits.CHS = 0b0101;
  1004     00E8  081F               	movf	31,w	;volatile
  1005     00E9  39C3               	andlw	-61
  1006     00EA  3814               	iorlw	20
  1007     00EB  009F               	movwf	31	;volatile
  1008                           
  1009                           ;ADC.c: 44:             break;
  1010     00EC  290B               	goto	l114
  1011     00ED                     l966:
  1012                           
  1013                           ;ADC.c: 46:             ADCON0bits.CHS = 0b0000;
  1014     00ED  30C3               	movlw	-61
  1015     00EE  059F               	andwf	31,f	;volatile
  1016                           
  1017                           ;ADC.c: 47:             break;
  1018     00EF  290B               	goto	l114
  1019     00F0                     l970:
  1020                           
  1021                           ; Switch on 2 bytes has been partitioned into a top level switch of size 1, and 1 sub-sw
      +                          itches
  1022                           ; Switch size 1, requested type "simple"
  1023                           ; Number of cases is 1, Range of values is 0 to 0
  1024                           ; switch strategies available:
  1025                           ; Name         Instructions Cycles
  1026                           ; simple_byte            4     3 (average)
  1027                           ; direct_byte           11     8 (fixed)
  1028                           ; jumptable            260     6 (fixed)
  1029                           ;	Chosen strategy is simple_byte
  1030     00F0  1283               	bcf	3,5	;RP0=0, select bank0
  1031     00F1  1303               	bcf	3,6	;RP1=0, select bank0
  1032     00F2  0827               	movf	adc_init@channel+1,w
  1033     00F3  3A00               	xorlw	0	; case 0
  1034     00F4  1903               	skipnz
  1035     00F5  28F7               	goto	l1136
  1036     00F6  28ED               	goto	l966
  1037     00F7                     l1136:
  1038                           
  1039                           ; Switch size 1, requested type "simple"
  1040                           ; Number of cases is 6, Range of values is 0 to 5
  1041                           ; switch strategies available:
  1042                           ; Name         Instructions Cycles
  1043                           ; simple_byte           19    10 (average)
  1044                           ; direct_byte           26     8 (fixed)
  1045                           ; jumptable            260     6 (fixed)
  1046                           ;	Chosen strategy is simple_byte
  1047     00F7  0826               	movf	adc_init@channel,w
  1048     00F8  3A00               	xorlw	0	; case 0
  1049     00F9  1903               	skipnz
  1050     00FA  28D1               	goto	l954
  1051     00FB  3A01               	xorlw	1	; case 1
  1052     00FC  1903               	skipnz
  1053     00FD  28D4               	goto	l956
  1054     00FE  3A03               	xorlw	3	; case 2
  1055     00FF  1903               	skipnz
  1056     0100  28D9               	goto	l958
  1057     0101  3A01               	xorlw	1	; case 3
  1058     0102  1903               	skipnz
  1059     0103  28DE               	goto	l960
  1060     0104  3A07               	xorlw	7	; case 4
  1061     0105  1903               	skipnz
  1062     0106  28E3               	goto	l962
  1063     0107  3A01               	xorlw	1	; case 5
  1064     0108  1903               	skipnz
  1065     0109  28E8               	goto	l964
  1066     010A  28ED               	goto	l966
  1067     010B                     l114:
  1068                           
  1069                           ;ADC.c: 51:     PIR1bits.ADIF = 0;
  1070     010B  130C               	bcf	12,6	;volatile
  1071                           
  1072                           ;ADC.c: 52:     PIE1bits.ADIE = 1;
  1073     010C  1683               	bsf	3,5	;RP0=1, select bank1
  1074     010D  1303               	bcf	3,6	;RP1=0, select bank1
  1075     010E  170C               	bsf	12,6	;volatile
  1076     010F                     l972:
  1077                           
  1078                           ;ADC.c: 57:      _delay((unsigned long)((50)*(8000000/4000000.0)));
  1079     010F  3020               	movlw	32
  1080     0110  1283               	bcf	3,5	;RP0=0, select bank0
  1081     0111  1303               	bcf	3,6	;RP1=0, select bank0
  1082     0112  00A8               	movwf	??_adc_init
  1083     0113                     u327:
  1084     0113  0BA8               	decfsz	??_adc_init,f
  1085     0114  2913               	goto	u327
  1086     0115  0000               	nop
  1087     0116                     l974:
  1088                           
  1089                           ;ADC.c: 58:     ADCON0bits.ADON = 1;
  1090     0116  1283               	bcf	3,5	;RP0=0, select bank0
  1091     0117  1303               	bcf	3,6	;RP1=0, select bank0
  1092     0118  141F               	bsf	31,0	;volatile
  1093     0119                     l976:
  1094                           
  1095                           ;ADC.c: 60:     ADCON0bits.GO = 1;
  1096     0119  149F               	bsf	31,1	;volatile
  1097     011A                     l121:
  1098     011A  0008               	return
  1099     011B                     __end_of_adc_init:
  1100                           
  1101                           	psect	text4
  1102     001F                     __ptext4:	
  1103 ;; *************** function _isr *****************
  1104 ;; Defined at:
  1105 ;;		line 58 in file "esclavo1_postlab3.c"
  1106 ;; Parameters:    Size  Location     Type
  1107 ;;		None
  1108 ;; Auto vars:     Size  Location     Type
  1109 ;;  RB1_state_cu    1    9[COMMON] unsigned char 
  1110 ;;  RB0_state_cu    1    8[COMMON] char 
  1111 ;; Return value:  Size  Location     Type
  1112 ;;                  1    wreg      void 
  1113 ;; Registers used:
  1114 ;;		wreg, status,2, status,0, pclath, cstack
  1115 ;; Tracked objects:
  1116 ;;		On entry : 0/0
  1117 ;;		On exit  : 0/0
  1118 ;;		Unchanged: 0/0
  1119 ;; Data sizes:     COMMON   BANK0   BANK1   BANK3   BANK2
  1120 ;;      Params:         0       0       0       0       0
  1121 ;;      Locals:         2       0       0       0       0
  1122 ;;      Temps:          4       0       0       0       0
  1123 ;;      Totals:         6       0       0       0       0
  1124 ;;Total ram usage:        6 bytes
  1125 ;; Hardware stack levels used: 1
  1126 ;; Hardware stack levels required when called: 2
  1127 ;; This function calls:
  1128 ;;		_adc_read
  1129 ;;		_spiRead
  1130 ;;		_spiWrite
  1131 ;; This function is called by:
  1132 ;;		Interrupt level 1
  1133 ;; This function uses a non-reentrant model
  1134 ;;
  1135                           
  1136     001F                     _isr:	
  1137                           ;psect for function _isr
  1138                           
  1139     001F                     i1l1050:
  1140                           
  1141                           ;esclavo1_postlab3.c: 59:    if(SSPIF == 1){
  1142     001F  1283               	bcf	3,5	;RP0=0, select bank0
  1143     0020  1303               	bcf	3,6	;RP1=0, select bank0
  1144     0021  1D8C               	btfss	12,3	;volatile
  1145     0022  2824               	goto	u18_21
  1146     0023  2825               	goto	u18_20
  1147     0024                     u18_21:
  1148     0024  2848               	goto	i1l1064
  1149     0025                     u18_20:
  1150     0025                     i1l1052:
  1151                           
  1152                           ;esclavo1_postlab3.c: 60:        valor_recibido = spiRead();
  1153     0025  120A  118A  21A0  120A  118A  	fcall	_spiRead
  1154     002A  00FC               	movwf	_valor_recibido
  1155     002B                     i1l1054:
  1156                           
  1157                           ;esclavo1_postlab3.c: 62:        if (valor_recibido == 1)
  1158     002B  037C               	decf	_valor_recibido,w
  1159     002C  1D03               	btfss	3,2
  1160     002D  282F               	goto	u19_21
  1161     002E  2830               	goto	u19_20
  1162     002F                     u19_21:
  1163     002F  2837               	goto	i1l1058
  1164     0030                     u19_20:
  1165     0030                     i1l1056:
  1166                           
  1167                           ;esclavo1_postlab3.c: 63:        {;esclavo1_postlab3.c: 64:            spiWrite(contador
      +                          _e);
  1168     0030  087D               	movf	_contador_e,w
  1169     0031  120A  118A  21B0  120A  118A  	fcall	_spiWrite
  1170                           
  1171                           ;esclavo1_postlab3.c: 65:        }
  1172     0036  2845               	goto	i1l1062
  1173     0037                     i1l1058:
  1174     0037  3002               	movlw	2
  1175     0038  067C               	xorwf	_valor_recibido,w
  1176     0039  1D03               	btfss	3,2
  1177     003A  283C               	goto	u20_21
  1178     003B  283D               	goto	u20_20
  1179     003C                     u20_21:
  1180     003C  2845               	goto	i1l1062
  1181     003D                     u20_20:
  1182     003D                     i1l1060:
  1183                           
  1184                           ;esclavo1_postlab3.c: 67:        {;esclavo1_postlab3.c: 68:            spiWrite(PORTD);
  1185     003D  1283               	bcf	3,5	;RP0=0, select bank0
  1186     003E  1303               	bcf	3,6	;RP1=0, select bank0
  1187     003F  0808               	movf	8,w	;volatile
  1188     0040  120A  118A  21B0  120A  118A  	fcall	_spiWrite
  1189     0045                     i1l1062:
  1190                           
  1191                           ;esclavo1_postlab3.c: 71:         SSPIF = 0;
  1192     0045  1283               	bcf	3,5	;RP0=0, select bank0
  1193     0046  1303               	bcf	3,6	;RP1=0, select bank0
  1194     0047  118C               	bcf	12,3	;volatile
  1195     0048                     i1l1064:
  1196                           
  1197                           ;esclavo1_postlab3.c: 74:     if (PIR1bits.ADIF == 1)
  1198     0048  1F0C               	btfss	12,6	;volatile
  1199     0049  284B               	goto	u21_21
  1200     004A  284C               	goto	u21_20
  1201     004B                     u21_21:
  1202     004B  2875               	goto	i1l77
  1203     004C                     u21_20:
  1204     004C                     i1l1066:
  1205                           
  1206                           ;esclavo1_postlab3.c: 75:     {;esclavo1_postlab3.c: 76:         if (ADCON0bits.CHS == 0
      +                          b0000)
  1207     004C  0C1F               	rrf	31,w	;volatile
  1208     004D  00F4               	movwf	??_isr
  1209     004E  0C74               	rrf	??_isr,w
  1210     004F  390F               	andlw	15
  1211     0050  3A00               	xorlw	0
  1212     0051  1D03               	skipz
  1213     0052  2854               	goto	u22_21
  1214     0053  2855               	goto	u22_20
  1215     0054                     u22_21:
  1216     0054  286A               	goto	i1l1070
  1217     0055                     u22_20:
  1218     0055                     i1l1068:
  1219                           
  1220                           ;esclavo1_postlab3.c: 77:         {;esclavo1_postlab3.c: 78:             ADC_voltaje_nc 
      +                          = adc_read();
  1221     0055  120A  118A  2196  120A  118A  	fcall	_adc_read
  1222     005A  0871               	movf	?_adc_read+1,w
  1223     005B  1283               	bcf	3,5	;RP0=0, select bank0
  1224     005C  1303               	bcf	3,6	;RP1=0, select bank0
  1225     005D  00A1               	movwf	_ADC_voltaje_nc+1
  1226     005E  0870               	movf	?_adc_read,w
  1227     005F  00A0               	movwf	_ADC_voltaje_nc
  1228                           
  1229                           ;esclavo1_postlab3.c: 79:             PORTD = adc_read();
  1230     0060  120A  118A  2196  120A  118A  	fcall	_adc_read
  1231     0065  0870               	movf	?_adc_read,w
  1232     0066  1283               	bcf	3,5	;RP0=0, select bank0
  1233     0067  1303               	bcf	3,6	;RP1=0, select bank0
  1234     0068  0088               	movwf	8	;volatile
  1235                           
  1236                           ;esclavo1_postlab3.c: 80:         }
  1237     0069  2873               	goto	i1l1072
  1238     006A                     i1l1070:
  1239                           
  1240                           ;esclavo1_postlab3.c: 82:         {;esclavo1_postlab3.c: 83:             PORTD = adc_rea
      +                          d();
  1241     006A  120A  118A  2196  120A  118A  	fcall	_adc_read
  1242     006F  0870               	movf	?_adc_read,w
  1243     0070  1283               	bcf	3,5	;RP0=0, select bank0
  1244     0071  1303               	bcf	3,6	;RP1=0, select bank0
  1245     0072  0088               	movwf	8	;volatile
  1246     0073                     i1l1072:
  1247                           
  1248                           ;esclavo1_postlab3.c: 85:         ADIF = 0;
  1249     0073  130C               	bcf	12,6	;volatile
  1250     0074  28BE               	goto	i1l80
  1251     0075                     i1l77:	
  1252                           ;esclavo1_postlab3.c: 87:     }
  1253                           
  1254                           
  1255                           ;esclavo1_postlab3.c: 88:    if (RBIF == 1)
  1256     0075  1C0B               	btfss	11,0	;volatile
  1257     0076  2878               	goto	u23_21
  1258     0077  2879               	goto	u23_20
  1259     0078                     u23_21:
  1260     0078  28BE               	goto	i1l80
  1261     0079                     u23_20:
  1262     0079                     i1l1076:
  1263                           
  1264                           ;esclavo1_postlab3.c: 89:    {;esclavo1_postlab3.c: 90:         int8_t RB0_state_current
      +                           = PORTBbits.RB0;
  1265     0079  3000               	movlw	0
  1266     007A  1806               	btfsc	6,0	;volatile
  1267     007B  3001               	movlw	1
  1268     007C  00F8               	movwf	isr@RB0_state_current
  1269     007D                     i1l1078:
  1270                           
  1271                           ;esclavo1_postlab3.c: 91:         if (RB0_state_current == 0 && RB0_state_prev == 1) {
  1272     007D  0878               	movf	isr@RB0_state_current,w
  1273     007E  1D03               	btfss	3,2
  1274     007F  2881               	goto	u24_21
  1275     0080  2882               	goto	u24_20
  1276     0081                     u24_21:
  1277     0081  289A               	goto	i1l1088
  1278     0082                     u24_20:
  1279     0082                     i1l1080:
  1280     0082  037B               	decf	_RB0_state_prev,w	;volatile
  1281     0083  1D03               	btfss	3,2
  1282     0084  2886               	goto	u25_21
  1283     0085  2887               	goto	u25_20
  1284     0086                     u25_21:
  1285     0086  289A               	goto	i1l1088
  1286     0087                     u25_20:
  1287     0087                     i1l1082:
  1288                           
  1289                           ;esclavo1_postlab3.c: 92:             _delay((unsigned long)((50)*(8000000/4000.0)));
  1290     0087  3082               	movlw	130
  1291     0088  00F5               	movwf	??_isr+1
  1292     0089  30DD               	movlw	221
  1293     008A  00F4               	movwf	??_isr
  1294     008B                     u33_27:
  1295     008B  0BF4               	decfsz	??_isr,f
  1296     008C  288B               	goto	u33_27
  1297     008D  0BF5               	decfsz	??_isr+1,f
  1298     008E  288B               	goto	u33_27
  1299     008F  2890               	nop2
  1300     0090                     i1l1084:
  1301                           
  1302                           ;esclavo1_postlab3.c: 93:             if (PORTBbits.RB0 == 0) {
  1303     0090  1283               	bcf	3,5	;RP0=0, select bank0
  1304     0091  1303               	bcf	3,6	;RP1=0, select bank0
  1305     0092  1806               	btfsc	6,0	;volatile
  1306     0093  2895               	goto	u26_21
  1307     0094  2896               	goto	u26_20
  1308     0095                     u26_21:
  1309     0095  289A               	goto	i1l1088
  1310     0096                     u26_20:
  1311     0096                     i1l1086:
  1312                           
  1313                           ;esclavo1_postlab3.c: 94:                 contador_e++;
  1314     0096  3001               	movlw	1
  1315     0097  00F4               	movwf	??_isr
  1316     0098  0874               	movf	??_isr,w
  1317     0099  07FD               	addwf	_contador_e,f
  1318     009A                     i1l1088:
  1319                           
  1320                           ;esclavo1_postlab3.c: 97:         RB0_state_prev = RB0_state_current;
  1321     009A  0878               	movf	isr@RB0_state_current,w
  1322     009B  00FB               	movwf	_RB0_state_prev	;volatile
  1323     009C                     i1l1090:
  1324                           
  1325                           ;esclavo1_postlab3.c: 100:         uint8_t RB1_state_current = PORTBbits.RB1;
  1326     009C  3000               	movlw	0
  1327     009D  1886               	btfsc	6,1	;volatile
  1328     009E  3001               	movlw	1
  1329     009F  00F9               	movwf	isr@RB1_state_current
  1330     00A0                     i1l1092:
  1331                           
  1332                           ;esclavo1_postlab3.c: 101:         if (RB1_state_current == 0 && RB1_state_prev == 1) {
  1333     00A0  0879               	movf	isr@RB1_state_current,w
  1334     00A1  1D03               	btfss	3,2
  1335     00A2  28A4               	goto	u27_21
  1336     00A3  28A5               	goto	u27_20
  1337     00A4                     u27_21:
  1338     00A4  28BB               	goto	i1l1102
  1339     00A5                     u27_20:
  1340     00A5                     i1l1094:
  1341     00A5  037A               	decf	_RB1_state_prev,w	;volatile
  1342     00A6  1D03               	btfss	3,2
  1343     00A7  28A9               	goto	u28_21
  1344     00A8  28AA               	goto	u28_20
  1345     00A9                     u28_21:
  1346     00A9  28BB               	goto	i1l1102
  1347     00AA                     u28_20:
  1348     00AA                     i1l1096:
  1349                           
  1350                           ;esclavo1_postlab3.c: 102:             _delay((unsigned long)((50)*(8000000/4000.0)));
  1351     00AA  3082               	movlw	130
  1352     00AB  00F5               	movwf	??_isr+1
  1353     00AC  30DD               	movlw	221
  1354     00AD  00F4               	movwf	??_isr
  1355     00AE                     u34_27:
  1356     00AE  0BF4               	decfsz	??_isr,f
  1357     00AF  28AE               	goto	u34_27
  1358     00B0  0BF5               	decfsz	??_isr+1,f
  1359     00B1  28AE               	goto	u34_27
  1360     00B2  28B3               	nop2
  1361     00B3                     i1l1098:
  1362                           
  1363                           ;esclavo1_postlab3.c: 103:             if (PORTBbits.RB1 == 0) {
  1364     00B3  1283               	bcf	3,5	;RP0=0, select bank0
  1365     00B4  1303               	bcf	3,6	;RP1=0, select bank0
  1366     00B5  1886               	btfsc	6,1	;volatile
  1367     00B6  28B8               	goto	u29_21
  1368     00B7  28B9               	goto	u29_20
  1369     00B8                     u29_21:
  1370     00B8  28BB               	goto	i1l1102
  1371     00B9                     u29_20:
  1372     00B9                     i1l1100:
  1373                           
  1374                           ;esclavo1_postlab3.c: 104:                 contador_e--;
  1375     00B9  3001               	movlw	1
  1376     00BA  02FD               	subwf	_contador_e,f
  1377     00BB                     i1l1102:
  1378                           
  1379                           ;esclavo1_postlab3.c: 107:         RB1_state_prev = RB1_state_current;
  1380     00BB  0879               	movf	isr@RB1_state_current,w
  1381     00BC  00FA               	movwf	_RB1_state_prev	;volatile
  1382     00BD                     i1l1104:
  1383                           
  1384                           ;esclavo1_postlab3.c: 109:         RBIF = 0;
  1385     00BD  100B               	bcf	11,0	;volatile
  1386     00BE                     i1l80:
  1387     00BE  0877               	movf	??_isr+3,w
  1388     00BF  008A               	movwf	10
  1389     00C0  0E76               	swapf	??_isr+2,w
  1390     00C1  0083               	movwf	3
  1391     00C2  0EFE               	swapf	btemp,f
  1392     00C3  0E7E               	swapf	btemp,w
  1393     00C4  0009               	retfie
  1394     00C5                     __end_of_isr:
  1395                           
  1396                           	psect	intentry
  1397     0004                     __pintentry:	
  1398                           ;incstack = 0
  1399                           ; Regs used in _isr: [wreg+status,2+status,0+pclath+cstack]
  1400                           
  1401     0004                     interrupt_function:
  1402     007E                     saved_w	set	btemp
  1403     0004  00FE               	movwf	btemp
  1404     0005  0E03               	swapf	3,w
  1405     0006  00F6               	movwf	??_isr+2
  1406     0007  080A               	movf	10,w
  1407     0008  00F7               	movwf	??_isr+3
  1408     0009  120A  118A  281F   	ljmp	_isr
  1409                           
  1410                           	psect	text5
  1411     01B0                     __ptext5:	
  1412 ;; *************** function _spiWrite *****************
  1413 ;; Defined at:
  1414 ;;		line 31 in file "SPI.c"
  1415 ;; Parameters:    Size  Location     Type
  1416 ;;  dat             1    wreg     unsigned char 
  1417 ;; Auto vars:     Size  Location     Type
  1418 ;;  dat             1    0[COMMON] unsigned char 
  1419 ;; Return value:  Size  Location     Type
  1420 ;;                  1    wreg      void 
  1421 ;; Registers used:
  1422 ;;		wreg
  1423 ;; Tracked objects:
  1424 ;;		On entry : 0/0
  1425 ;;		On exit  : 0/0
  1426 ;;		Unchanged: 0/0
  1427 ;; Data sizes:     COMMON   BANK0   BANK1   BANK3   BANK2
  1428 ;;      Params:         0       0       0       0       0
  1429 ;;      Locals:         1       0       0       0       0
  1430 ;;      Temps:          0       0       0       0       0
  1431 ;;      Totals:         1       0       0       0       0
  1432 ;;Total ram usage:        1 bytes
  1433 ;; Hardware stack levels used: 1
  1434 ;; This function calls:
  1435 ;;		Nothing
  1436 ;; This function is called by:
  1437 ;;		_isr
  1438 ;; This function uses a non-reentrant model
  1439 ;;
  1440                           
  1441     01B0                     _spiWrite:	
  1442                           ;psect for function _spiWrite
  1443                           
  1444                           
  1445                           ;incstack = 0
  1446                           ; Regs used in _spiWrite: [wreg]
  1447                           ;spiWrite@dat stored from wreg
  1448     01B0  00F0               	movwf	spiWrite@dat
  1449     01B1                     i1l1002:
  1450                           
  1451                           ;SPI.c: 31: void spiWrite(char dat);SPI.c: 32: {;SPI.c: 33:     SSPBUF = dat;
  1452     01B1  0870               	movf	spiWrite@dat,w
  1453     01B2  1283               	bcf	3,5	;RP0=0, select bank0
  1454     01B3  1303               	bcf	3,6	;RP1=0, select bank0
  1455     01B4  0093               	movwf	19	;volatile
  1456     01B5                     i1l150:
  1457     01B5  0008               	return
  1458     01B6                     __end_of_spiWrite:
  1459                           
  1460                           	psect	text6
  1461     01A0                     __ptext6:	
  1462 ;; *************** function _spiRead *****************
  1463 ;; Defined at:
  1464 ;;		line 44 in file "SPI.c"
  1465 ;; Parameters:    Size  Location     Type
  1466 ;;		None
  1467 ;; Auto vars:     Size  Location     Type
  1468 ;;		None
  1469 ;; Return value:  Size  Location     Type
  1470 ;;                  1    wreg      unsigned char 
  1471 ;; Registers used:
  1472 ;;		wreg, status,2, status,0, pclath, cstack
  1473 ;; Tracked objects:
  1474 ;;		On entry : 0/0
  1475 ;;		On exit  : 0/0
  1476 ;;		Unchanged: 0/0
  1477 ;; Data sizes:     COMMON   BANK0   BANK1   BANK3   BANK2
  1478 ;;      Params:         0       0       0       0       0
  1479 ;;      Locals:         0       0       0       0       0
  1480 ;;      Temps:          0       0       0       0       0
  1481 ;;      Totals:         0       0       0       0       0
  1482 ;;Total ram usage:        0 bytes
  1483 ;; Hardware stack levels used: 1
  1484 ;; Hardware stack levels required when called: 1
  1485 ;; This function calls:
  1486 ;;		_spiReceiveWait
  1487 ;; This function is called by:
  1488 ;;		_isr
  1489 ;; This function uses a non-reentrant model
  1490 ;;
  1491                           
  1492     01A0                     _spiRead:	
  1493                           ;psect for function _spiRead
  1494                           
  1495     01A0                     i1l996:	
  1496                           ;incstack = 0
  1497                           ; Regs used in _spiRead: [wreg+status,2+status,0+pclath+cstack]
  1498                           
  1499                           
  1500                           ;SPI.c: 46:     spiReceiveWait();
  1501     01A0  120A  118A  21A9  120A  118A  	fcall	_spiReceiveWait
  1502     01A5                     i1l998:
  1503                           
  1504                           ;SPI.c: 47:     return(SSPBUF);
  1505     01A5  1283               	bcf	3,5	;RP0=0, select bank0
  1506     01A6  1303               	bcf	3,6	;RP1=0, select bank0
  1507     01A7  0813               	movf	19,w	;volatile
  1508     01A8                     i1l158:
  1509     01A8  0008               	return
  1510     01A9                     __end_of_spiRead:
  1511                           
  1512                           	psect	text7
  1513     01A9                     __ptext7:	
  1514 ;; *************** function _spiReceiveWait *****************
  1515 ;; Defined at:
  1516 ;;		line 26 in file "SPI.c"
  1517 ;; Parameters:    Size  Location     Type
  1518 ;;		None
  1519 ;; Auto vars:     Size  Location     Type
  1520 ;;		None
  1521 ;; Return value:  Size  Location     Type
  1522 ;;                  1    wreg      void 
  1523 ;; Registers used:
  1524 ;;		None
  1525 ;; Tracked objects:
  1526 ;;		On entry : 0/0
  1527 ;;		On exit  : 0/0
  1528 ;;		Unchanged: 0/0
  1529 ;; Data sizes:     COMMON   BANK0   BANK1   BANK3   BANK2
  1530 ;;      Params:         0       0       0       0       0
  1531 ;;      Locals:         0       0       0       0       0
  1532 ;;      Temps:          0       0       0       0       0
  1533 ;;      Totals:         0       0       0       0       0
  1534 ;;Total ram usage:        0 bytes
  1535 ;; Hardware stack levels used: 1
  1536 ;; This function calls:
  1537 ;;		Nothing
  1538 ;; This function is called by:
  1539 ;;		_spiRead
  1540 ;; This function uses a non-reentrant model
  1541 ;;
  1542                           
  1543     01A9                     _spiReceiveWait:	
  1544                           ;psect for function _spiReceiveWait
  1545                           
  1546     01A9                     i1l994:	
  1547                           ;incstack = 0
  1548                           ; Regs used in _spiReceiveWait: []
  1549                           
  1550     01A9                     i1l144:	
  1551                           ;SPI.c: 28:     while ( !SSPSTATbits.BF );
  1552                           
  1553     01A9  1683               	bsf	3,5	;RP0=1, select bank1
  1554     01AA  1303               	bcf	3,6	;RP1=0, select bank1
  1555     01AB  1C14               	btfss	20,0	;volatile
  1556     01AC  29AE               	goto	u17_21
  1557     01AD  29AF               	goto	u17_20
  1558     01AE                     u17_21:
  1559     01AE  29A9               	goto	i1l144
  1560     01AF                     u17_20:
  1561     01AF                     i1l147:
  1562     01AF  0008               	return
  1563     01B0                     __end_of_spiReceiveWait:
  1564                           
  1565                           	psect	text8
  1566     0196                     __ptext8:	
  1567 ;; *************** function _adc_read *****************
  1568 ;; Defined at:
  1569 ;;		line 65 in file "ADC.c"
  1570 ;; Parameters:    Size  Location     Type
  1571 ;;		None
  1572 ;; Auto vars:     Size  Location     Type
  1573 ;;		None
  1574 ;; Return value:  Size  Location     Type
  1575 ;;                  2    0[COMMON] int 
  1576 ;; Registers used:
  1577 ;;		wreg
  1578 ;; Tracked objects:
  1579 ;;		On entry : 0/0
  1580 ;;		On exit  : 0/0
  1581 ;;		Unchanged: 0/0
  1582 ;; Data sizes:     COMMON   BANK0   BANK1   BANK3   BANK2
  1583 ;;      Params:         2       0       0       0       0
  1584 ;;      Locals:         0       0       0       0       0
  1585 ;;      Temps:          2       0       0       0       0
  1586 ;;      Totals:         4       0       0       0       0
  1587 ;;Total ram usage:        4 bytes
  1588 ;; Hardware stack levels used: 1
  1589 ;; This function calls:
  1590 ;;		Nothing
  1591 ;; This function is called by:
  1592 ;;		_isr
  1593 ;; This function uses a non-reentrant model
  1594 ;;
  1595                           
  1596     0196                     _adc_read:	
  1597                           ;psect for function _adc_read
  1598                           
  1599     0196                     i1l1004:	
  1600                           ;incstack = 0
  1601                           ; Regs used in _adc_read: [wreg]
  1602                           
  1603                           
  1604                           ;ADC.c: 67:     return ADRESH;
  1605     0196  1283               	bcf	3,5	;RP0=0, select bank0
  1606     0197  1303               	bcf	3,6	;RP1=0, select bank0
  1607     0198  081E               	movf	30,w	;volatile
  1608     0199  00F2               	movwf	??_adc_read
  1609     019A  01F3               	clrf	??_adc_read+1
  1610     019B  0872               	movf	??_adc_read,w
  1611     019C  00F0               	movwf	?_adc_read
  1612     019D  0873               	movf	??_adc_read+1,w
  1613     019E  00F1               	movwf	?_adc_read+1
  1614     019F                     i1l124:
  1615     019F  0008               	return
  1616     01A0                     __end_of_adc_read:
  1617     007E                     btemp	set	126	;btemp
  1618     007E                     wtemp0	set	126
  1619                           
  1620                           	psect	idloc
  1621                           
  1622                           ;Config register IDLOC0 @ 0x2000
  1623                           ;	unspecified, using default values
  1624     2000                     	org	8192
  1625     2000  3FFF               	dw	16383
  1626                           
  1627                           ;Config register IDLOC1 @ 0x2001
  1628                           ;	unspecified, using default values
  1629     2001                     	org	8193
  1630     2001  3FFF               	dw	16383
  1631                           
  1632                           ;Config register IDLOC2 @ 0x2002
  1633                           ;	unspecified, using default values
  1634     2002                     	org	8194
  1635     2002  3FFF               	dw	16383
  1636                           
  1637                           ;Config register IDLOC3 @ 0x2003
  1638                           ;	unspecified, using default values
  1639     2003                     	org	8195
  1640     2003  3FFF               	dw	16383
  1641                           
  1642                           	psect	config
  1643                           
  1644                           ;Config register CONFIG1 @ 0x2007
  1645                           ;	Oscillator Selection bits
  1646                           ;	FOSC = INTRC_NOCLKOUT, INTOSCIO oscillator: I/O function on RA6/OSC2/CLKOUT pin, I/O f
      +                          unction on RA7/OSC1/CLKIN
  1647                           ;	Watchdog Timer Enable bit
  1648                           ;	WDTE = OFF, WDT disabled and can be enabled by SWDTEN bit of the WDTCON register
  1649                           ;	Power-up Timer Enable bit
  1650                           ;	PWRTE = OFF, PWRT disabled
  1651                           ;	RE3/MCLR pin function select bit
  1652                           ;	MCLRE = OFF, RE3/MCLR pin function is digital input, MCLR internally tied to VDD
  1653                           ;	Code Protection bit
  1654                           ;	CP = OFF, Program memory code protection is disabled
  1655                           ;	Data Code Protection bit
  1656                           ;	CPD = OFF, Data memory code protection is disabled
  1657                           ;	Brown Out Reset Selection bits
  1658                           ;	BOREN = OFF, BOR disabled
  1659                           ;	Internal External Switchover bit
  1660                           ;	IESO = OFF, Internal/External Switchover mode is disabled
  1661                           ;	Fail-Safe Clock Monitor Enabled bit
  1662                           ;	FCMEN = OFF, Fail-Safe Clock Monitor is disabled
  1663                           ;	Low Voltage Programming Enable bit
  1664                           ;	LVP = OFF, RB3 pin has digital I/O, HV on MCLR must be used for programming
  1665                           ;	In-Circuit Debugger Mode bit
  1666                           ;	DEBUG = 0x1, unprogramme  1667     2007                     	org	8199
  1668     2007  20D4               	dw	8404
  1669                           
  1670                           ;Config register CONFIG2 @ 0x2008
  1671                           ;	Brown-out Reset Selection bit
  1672                           ;	BOR4V = BOR40V, Brown-out Reset set to 4.0V
  1673                           ;	Flash Program Memory Self Write Enable bits
  1674                           ;	WRT = OFF, Write protection off
  1675     2008                     	org	8200
  1676     2008  3FFF               	dw	16383

Data Sizes:
    Strings     0
    Constant    0
    Data        0
    BSS         10
    Persistent  0
    Stack       0

Auto Spaces:
    Space          Size  Autos    Used
    COMMON           14     10      14
    BANK0            80      6      12
    BANK1            80      0       0
    BANK3            96      0       0
    BANK2            96      0       0

Pointer List with Targets:

    None.

Critical Paths under _main in COMMON

    None.

Critical Paths under _isr in COMMON

    _isr->_adc_read

Critical Paths under _main in BANK0

    _setup->_spiInit

Critical Paths under _isr in BANK0

    None.

Critical Paths under _main in BANK1

    None.

Critical Paths under _isr in BANK1

    None.

Critical Paths under _main in BANK3

    None.

Critical Paths under _isr in BANK3

    None.

Critical Paths under _main in BANK2

    None.

Critical Paths under _isr in BANK2

    None.

Call Graph Tables:

 ---------------------------------------------------------------------------------
 (Depth) Function   	        Calls       Base Space   Used Autos Params    Refs
 ---------------------------------------------------------------------------------
 (0) _main                                                 2     2      0     458
                                              4 BANK0      2     2      0
                              _setup
 ---------------------------------------------------------------------------------
 (1) _setup                                                0     0      0     458
                           _adc_init
                            _spiInit
 ---------------------------------------------------------------------------------
 (2) _spiInit                                              4     1      3     360
                                              0 BANK0      4     1      3
 ---------------------------------------------------------------------------------
 (2) _adc_init                                             3     1      2      98
                                              0 BANK0      3     1      2
 ---------------------------------------------------------------------------------
 Estimated maximum stack depth 2
 ---------------------------------------------------------------------------------
 (Depth) Function   	        Calls       Base Space   Used Autos Params    Refs
 ---------------------------------------------------------------------------------
 (3) _isr                                                  6     6      0     112
                                              4 COMMON     6     6      0
                           _adc_read
                            _spiRead
                           _spiWrite
 ---------------------------------------------------------------------------------
 (4) _spiWrite                                             1     1      0      22
                                              0 COMMON     1     1      0
 ---------------------------------------------------------------------------------
 (4) _spiRead                                              0     0      0       0
                     _spiReceiveWait
 ---------------------------------------------------------------------------------
 (5) _spiReceiveWait                                       0     0      0       0
 ---------------------------------------------------------------------------------
 (4) _adc_read                                             4     2      2       0
                                              0 COMMON     4     2      2
 ---------------------------------------------------------------------------------
 Estimated maximum stack depth 5
 ---------------------------------------------------------------------------------

 Call Graph Graphs:

 _main (ROOT)
   _setup
     _adc_init
     _spiInit

 _isr (ROOT)
   _adc_read
   _spiRead
     _spiReceiveWait
   _spiWrite

 Address spaces:
Name               Size   Autos  Total    Cost      Usage
BITCOMMON            E      0       0       0        0.0%
EEDATA             100      0       0       0        0.0%
NULL                 0      0       0       0        0.0%
CODE                 0      0       0       0        0.0%
COMMON               E      A       E       1      100.0%
BITSFR0              0      0       0       1        0.0%
SFR0                 0      0       0       1        0.0%
BITSFR1              0      0       0       2        0.0%
SFR1                 0      0       0       2        0.0%
STACK                0      0       0       2        0.0%
ABS                  0      0      1A       3        0.0%
BITBANK0            50      0       0       4        0.0%
BITSFR3              0      0       0       4        0.0%
SFR3                 0      0       0       4        0.0%
BANK0               50      6       C       5       15.0%
BITSFR2              0      0       0       5        0.0%
SFR2                 0      0       0       5        0.0%
BITBANK1            50      0       0       6        0.0%
BANK1               50      0       0       7        0.0%
BITBANK3            60      0       0       8        0.0%
BANK3               60      0       0       9        0.0%
BITBANK2            60      0       0      10        0.0%
BANK2               60      0       0      11        0.0%
DATA                 0      0      1A      12        0.0%


Microchip Technology PIC Macro Assembler V2.40 build 20220703182018 
Symbol Table                                                                                   Thu Aug 03 18:05:28 2023

            _SSPSTATbits 0094                       l97 0159                      l121 011A  
                    l114 010B                      l140 0190                      l141 0195  
                    l950 00CE                      l960 00DE                      l952 00CF  
                    l962 00E3                      l954 00D1                      l970 00F0  
                    l946 00C5                      l972 010F                      l964 00E8  
                    l956 00D4                      l948 00CB                      l974 0116  
                    l966 00ED                      l958 00D9                      l990 018A  
                    l976 0119                      l992 018F                      l984 017B  
                    l986 0184                      l988 0188                      u300 0166  
                    u301 0165                      u160 0184                      u161 0183  
                    u317 016C                      u327 0113                      _isr 001F  
                   l1010 011F                     l1020 012E                     l1012 0120  
                   l1030 0141                     l1022 012F                     l1014 0123  
                   l1110 0162                     l1040 0146                     l1032 0142  
                   l1024 0133                     l1016 012A                     l1008 011B  
                   l1112 0166                     l1042 0147                     l1034 0143  
                   l1026 0134                     l1018 012B                     l1114 0171  
                   l1106 015A                     l1044 014A                     l1036 0144  
                   l1028 013E                     l1108 015F                     l1046 014D  
                   l1038 0145                     l1136 00F7                     l1048 014E  
                   _ADIF 0066                     ?_isr 0070                     _RBIF 0058  
                   i1l80 00BE                     i1l77 0075                     _main 015A  
                   btemp 007E                     start 000C                    ??_isr 0074  
   isr@RB0_state_current 0078                    ?_main 0070                    _ANSEL 0188  
                  i1l124 019F                    i1l150 01B5                    i1l144 01A9  
                  i1l147 01AF                    i1l158 01A8                    i1l994 01A9  
                  i1l996 01A0                    i1l998 01A5                    u20_20 003D  
                  u20_21 003C                    u21_20 004C                    u21_21 004B  
                  u22_20 0055                    u22_21 0054                    u23_20 0079  
                  u23_21 0078                    u24_20 0082                    u24_21 0081  
                  u17_20 01AF                    u25_20 0087                    u17_21 01AE  
                  u25_21 0086                    u33_27 008B                    u26_20 0096  
                  u18_20 0025                    u26_21 0095                    u18_21 0024  
                  u34_27 00AE                    u27_20 00A5                    u19_20 0030  
                  u27_21 00A4                    u19_21 002F                    _PORTA 0005  
                  _PORTB 0006                    _PORTD 0008                    u28_20 00AA  
                  u28_21 00A9                    u29_20 00B9                    u29_21 00B8  
                  _TRISB 0086                    _TRISD 0088                    _SSPIF 0063  
                  _setup 011B                    pclath 000A          __end_of_spiInit 0196  
        __end_of_spiRead 01A9                    status 0003                    wtemp0 007E  
        __initialization 000F             __end_of_main 0178                   ??_main 002A  
                 _ADRESH 001E                   ?_setup 0070                   _ANSELH 0189  
       __end_of_adc_init 011B         __end_of_adc_read 01A0                   i1l1002 01B1  
                 i1l1004 0196                   i1l1100 00B9                   i1l1102 00BB  
                 i1l1104 00BD                   i1l1050 001F                   i1l1060 003D  
                 i1l1052 0025                   i1l1070 006A                   i1l1062 0045  
                 i1l1054 002B                   i1l1080 0082                   i1l1072 0073  
                 i1l1056 0030                   i1l1064 0048                   i1l1090 009C  
                 i1l1082 0087                   i1l1066 004C                   i1l1058 0037  
                 i1l1092 00A0                   i1l1084 0090                   i1l1076 0079  
                 i1l1068 0055                   i1l1094 00A5                   i1l1086 0096  
                 i1l1078 007D                   i1l1096 00AA                   i1l1088 009A  
                 i1l1098 00B3                   _TRISC3 043B                   _TRISC5 043D  
                 _SSPCON 0014                   _SSPBUF 0013                   saved_w 007E  
       __end_of_spiWrite 01B6                ??_spiInit 0029                ??_spiRead 0070  
__end_of__initialization 001B           __pcstackCOMMON 0070            __end_of_setup 015A  
         _OPTION_REGbits 0081                  ??_setup 002A               __pbssBANK0 0020  
             __pmaintext 015A               __pintentry 0004     isr@RB1_state_current 0079  
              ?_adc_init 0026                ?_adc_read 0070                  _SSPSTAT 0094  
             _contador_e 007D                ?_spiWrite 0070               ??_adc_init 0028  
             ??_adc_read 0072                  __ptext1 011B                  __ptext2 0178  
                __ptext3 00C5                  __ptext4 001F                  __ptext5 01B0  
                __ptext6 01A0                  __ptext7 01A9                  __ptext8 0196  
                _spiInit 0178                  _spiRead 01A0           _RB0_state_prev 007B  
   end_of_initialization 001B           _RB1_state_prev 007A               ??_spiWrite 0070  
              _PORTBbits 0006                _TRISAbits 0085              spiWrite@dat 0070  
         _spiReceiveWait 01A9      start_initialization 000F              __end_of_isr 00C5  
 __end_of_spiReceiveWait 01B0          adc_init@channel 0026              _ADC_voltaje 0022  
            __pbssCOMMON 007A                ___latbits 0002            __pcstackBANK0 0026  
         _valor_recibido 007C          ?_spiReceiveWait 0070                 ?_spiInit 0026  
               ?_spiRead 0070     spiInit@sTransmitEdge 0028        interrupt_function 0004  
               _IOCBbits 0096                 _PIE1bits 008C       spiInit@sDataSample 0026  
               _PIR1bits 000C                _tipo_dato 0024               _ADCON0bits 001F  
             _ADCON1bits 009F                 _adc_init 00C5                 _adc_read 0196  
               _temporal 0025                 _spiWrite 01B0             spiInit@sType 0029  
      spiInit@sClockIdle 0027               _INTCONbits 000B                 intlevel1 0000  
       ??_spiReceiveWait 0070               _OSCCONbits 008F           _ADC_voltaje_nc 0020  
